This is XeTeX, Version 3.141592653-2.6-0.999995 (TeX Live 2023) (preloaded format=xelatex 2023.12.21)  8 JAN 2024 09:33
entering extended mode
 restricted \write18 enabled.
 file:line:error style messages enabled.
 %&-line parsing enabled.
**"c:/Users/C5CC/OneDrive - PETROBRAS/Documents/git_reps/CatecBra1686/catecismo_araujo_1696"
(c:/Users/C5CC/OneDrive - PETROBRAS/Documents/git_reps/CatecBra1686/catecismo_araujo_1696.tex
LaTeX2e <2023-11-01>
L3 programming layer <2023-12-11>
(c:/Users/C5CC/Documents/tex/texlive/2023/texmf-dist/tex/latex/base/book.cls
Document Class: book 2023/05/17 v1.4n Standard LaTeX document class
(c:/Users/C5CC/Documents/tex/texlive/2023/texmf-dist/tex/latex/base/bk12.clo
File: bk12.clo 2023/05/17 v1.4n Standard LaTeX file (size option)
)
\c@part=\count183
\c@chapter=\count184
\c@section=\count185
\c@subsection=\count186
\c@subsubsection=\count187
\c@paragraph=\count188
\c@subparagraph=\count189
\c@figure=\count190
\c@table=\count191
\abovecaptionskip=\skip48
\belowcaptionskip=\skip49
\bibindent=\dimen140
) (c:/Users/C5CC/Documents/tex/texlive/2023/texmf-dist/tex/latex/geometry/geometry.sty
Package: geometry 2020/01/02 v5.9 Page Geometry
 (c:/Users/C5CC/Documents/tex/texlive/2023/texmf-dist/tex/latex/graphics/keyval.sty
Package: keyval 2022/05/29 v1.15 key=value parser (DPC)
\KV@toks@=\toks17
) (c:/Users/C5CC/Documents/tex/texlive/2023/texmf-dist/tex/generic/iftex/ifvtex.sty
Package: ifvtex 2019/10/25 v1.7 ifvtex legacy package. Use iftex instead.
 (c:/Users/C5CC/Documents/tex/texlive/2023/texmf-dist/tex/generic/iftex/iftex.sty
Package: iftex 2022/02/03 v1.0f TeX engine tests
))
\Gm@cnth=\count192
\Gm@cntv=\count193
\c@Gm@tempcnt=\count194
\Gm@bindingoffset=\dimen141
\Gm@wd@mp=\dimen142
\Gm@odd@mp=\dimen143
\Gm@even@mp=\dimen144
\Gm@layoutwidth=\dimen145
\Gm@layoutheight=\dimen146
\Gm@layouthoffset=\dimen147
\Gm@layoutvoffset=\dimen148
\Gm@dimlist=\toks18
) (c:/Users/C5CC/Documents/tex/texlive/2023/texmf-dist/tex/latex/base/inputenc.sty
Package: inputenc 2021/02/14 v1.3d Input encoding file
\inpenc@prehook=\toks19
\inpenc@posthook=\toks20


Package inputenc Warning: inputenc package ignored with utf8 based engines.

) (c:/Users/C5CC/Documents/tex/texlive/2023/texmf-dist/tex/latex/fontspec/fontspec.sty (c:/Users/C5CC/Documents/tex/texlive/2023/texmf-dist/tex/latex/l3packages/xparse/xparse.sty (c:/Users/C5CC/Documents/tex/texlive/2023/texmf-dist/tex/latex/l3kernel/expl3.sty
Package: expl3 2023-12-11 L3 programming layer (loader) 
 (c:/Users/C5CC/Documents/tex/texlive/2023/texmf-dist/tex/latex/l3backend/l3backend-xetex.def
File: l3backend-xetex.def 2023-11-09 L3 backend support: XeTeX
\g__graphics_track_int=\count195
\l__pdf_internal_box=\box51
\g__pdf_backend_object_int=\count196
\g__pdf_backend_annotation_int=\count197
\g__pdf_backend_link_int=\count198
))
Package: xparse 2023-10-10 L3 Experimental document command parser
)
Package: fontspec 2022/01/15 v2.8a Font selection for XeLaTeX and LuaLaTeX
 (c:/Users/C5CC/Documents/tex/texlive/2023/texmf-dist/tex/latex/fontspec/fontspec-xetex.sty
Package: fontspec-xetex 2022/01/15 v2.8a Font selection for XeLaTeX and LuaLaTeX
\l__fontspec_script_int=\count199
\l__fontspec_language_int=\count266
\l__fontspec_strnum_int=\count267
\l__fontspec_tmp_int=\count268
\l__fontspec_tmpa_int=\count269
\l__fontspec_tmpb_int=\count270
\l__fontspec_tmpc_int=\count271
\l__fontspec_em_int=\count272
\l__fontspec_emdef_int=\count273
\l__fontspec_strong_int=\count274
\l__fontspec_strongdef_int=\count275
\l__fontspec_tmpa_dim=\dimen149
\l__fontspec_tmpb_dim=\dimen150
\l__fontspec_tmpc_dim=\dimen151
 (c:/Users/C5CC/Documents/tex/texlive/2023/texmf-dist/tex/latex/base/fontenc.sty
Package: fontenc 2021/04/29 v2.0v Standard LaTeX package
) (c:/Users/C5CC/Documents/tex/texlive/2023/texmf-dist/tex/latex/fontspec/fontspec.cfg))) (c:/Users/C5CC/Documents/tex/texlive/2023/texmf-dist/tex/latex/graphics/graphicx.sty
Package: graphicx 2021/09/16 v1.2d Enhanced LaTeX Graphics (DPC,SPQR)
 (c:/Users/C5CC/Documents/tex/texlive/2023/texmf-dist/tex/latex/graphics/graphics.sty
Package: graphics 2022/03/10 v1.4e Standard LaTeX Graphics (DPC,SPQR)
 (c:/Users/C5CC/Documents/tex/texlive/2023/texmf-dist/tex/latex/graphics/trig.sty
Package: trig 2021/08/11 v1.11 sin cos tan (DPC)
) (c:/Users/C5CC/Documents/tex/texlive/2023/texmf-dist/tex/latex/graphics-cfg/graphics.cfg
File: graphics.cfg 2016/06/04 v1.11 sample graphics configuration
)
Package graphics Info: Driver file: xetex.def on input line 107.
 (c:/Users/C5CC/Documents/tex/texlive/2023/texmf-dist/tex/latex/graphics-def/xetex.def
File: xetex.def 2022/09/22 v5.0n Graphics/color driver for xetex
))
\Gin@req@height=\dimen152
\Gin@req@width=\dimen153
) (c:/Users/C5CC/Documents/tex/texlive/2023/texmf-dist/tex/latex/lettrine/lettrine.sty
File: lettrine.sty 2023-08-14 v2.52 (Daniel Flipo)
 (c:/Users/C5CC/Documents/tex/texlive/2023/texmf-dist/tex/latex/l3packages/xfp/xfp.sty
Package: xfp 2023-10-10 L3 Floating point unit
)
\c@DefaultLines=\count276
\c@DefaultDepth=\count277
\DefaultFindent=\dimen154
\DefaultNindent=\dimen155
\DefaultSlope=\dimen156
\DiscardVskip=\dimen157
\L@lettrine=\box52
\L@lbox=\box53
\L@tbox=\box54
\c@L@lines=\count278
\c@L@depth=\count279
\L@Pindent=\dimen158
\L@Findent=\dimen159
\L@Nindent=\dimen160
\L@lraise=\dimen161
\L@first=\dimen162
\L@next=\dimen163
\L@slope=\dimen164
\L@height=\dimen165
\L@novskip=\dimen166
\L@ruleht=\dimen167
\L@target@ht=\dimen168
\L@target@dp=\dimen169
\L@target@tht=\dimen170
\LettrineWidth=\dimen171
\LettrineHeight=\dimen172
\LettrineDepth=\dimen173

Loading lettrine.cfg
(c:/Users/C5CC/Documents/tex/texlive/2023/texmf-dist/tex/latex/lettrine/lettrine.cfg)
\Llist@everypar=\toks21
) (c:/Users/C5CC/Documents/tex/texlive/2023/texmf-dist/tex/latex/cfr-initials/Typocaps.sty
Package: Typocaps 2007/11/24 v1.01 Typocaps CFR
 (c:/Users/C5CC/Documents/tex/texlive/2023/texmf-dist/tex/latex/initials/Typocaps.fd
File: Typocaps.fd 2003/04/02 Font definition file for U/Typocaps
)) (c:/Users/C5CC/Documents/tex/texlive/2023/texmf-dist/tex/latex/cfr-initials/Zallman.sty
Package: Zallman 2007/11/24 v1.01 Zallman CFR
 (c:/Users/C5CC/Documents/tex/texlive/2023/texmf-dist/tex/latex/initials/Zallman.fd
File: Zallman.fd 2003/04/02 Font definition file for U/Zallman
)) (c:/Users/C5CC/Documents/tex/texlive/2023/texmf-dist/tex/latex/ragged2e/ragged2e.sty
Package: ragged2e 2023/06/22 v3.6 ragged2e Package
\CenteringLeftskip=\skip50
\RaggedLeftLeftskip=\skip51
\RaggedRightLeftskip=\skip52
\CenteringRightskip=\skip53
\RaggedLeftRightskip=\skip54
\RaggedRightRightskip=\skip55
\CenteringParfillskip=\skip56
\RaggedLeftParfillskip=\skip57
\RaggedRightParfillskip=\skip58
\JustifyingParfillskip=\skip59
\CenteringParindent=\skip60
\RaggedLeftParindent=\skip61
\RaggedRightParindent=\skip62
\JustifyingParindent=\skip63
) (c:/Users/C5CC/Documents/tex/texlive/2023/texmf-dist/tex/latex/changepage/changepage.sty
Package: changepage 2009/10/20 v1.0c check page and change page layout
\c@cp@cntr=\count280
\cp@tempcnt=\count281
) (c:/Users/C5CC/Documents/tex/texlive/2023/texmf-dist/tex/generic/babel/babel.sty
Package: babel 2023/12/10 v3.99 The Babel package
\babel@savecnt=\count282
\U@D=\dimen174
\l@unhyphenated=\language89
 (c:/Users/C5CC/Documents/tex/texlive/2023/texmf-dist/tex/generic/babel/xebabel.def)
\bbl@readstream=\read2
\bbl@dirlevel=\count283
 (c:/Users/C5CC/Documents/tex/texlive/2023/texmf-dist/tex/generic/babel-portuges/portuguese.ldf
Language: portuges 2021/07/09 v1.2t Portuguese support from the babel system
Package babel Info: Making " an active character on input line 143.
)) (c:/Users/C5CC/Documents/tex/texlive/2023/texmf-dist/tex/generic/babel/locale/pt/babel-portuguese.tex
Package babel Info: Importing font and identification data for portuguese
(babel)             from babel-pt.ini. Reported on input line 11.
) (c:/Users/C5CC/Documents/tex/texlive/2023/texmf-dist/tex/latex/hyphenat/hyphenat.sty
Package: hyphenat 2009/09/02 v2.3c hyphenation utilities
\langwohyphens=\language90
LaTeX Info: Redefining \_ on input line 43.
) (c:/Users/C5CC/Documents/tex/texlive/2023/texmf-dist/tex/latex/fwlw/fwlw.sty
\FirstWordBox=\box55
\NextWordBox=\box56
\LastWordBox=\box57
\LW@box=\box58
\LW@saved=\box59
) (c:/Users/C5CC/Documents/tex/texlive/2023/texmf-dist/tex/latex/fancyhdr/fancyhdr.sty
Package: fancyhdr 2022/11/09 v4.1 Extensive control of page headers and footers
\f@nch@headwidth=\skip64
\f@nch@O@elh=\skip65
\f@nch@O@erh=\skip66
\f@nch@O@olh=\skip67
\f@nch@O@orh=\skip68
\f@nch@O@elf=\skip69
\f@nch@O@erf=\skip70
\f@nch@O@olf=\skip71
\f@nch@O@orf=\skip72
) (c:/Users/C5CC/Documents/tex/texlive/2023/texmf-dist/tex/latex/titlesec/titlesec.sty
Package: titlesec 2023/10/27 v2.16 Sectioning titles
\ttl@box=\box60
\beforetitleunit=\skip73
\aftertitleunit=\skip74
\ttl@plus=\dimen175
\ttl@minus=\dimen176
\ttl@toksa=\toks22
\titlewidth=\dimen177
\titlewidthlast=\dimen178
\titlewidthfirst=\dimen179
) (c:/Users/C5CC/Documents/tex/texlive/2023/texmf-dist/tex/latex/enumitem/enumitem.sty
Package: enumitem 2019/06/20 v3.9 Customized lists
\labelindent=\skip75
\enit@outerparindent=\dimen180
\enit@toks=\toks23
\enit@inbox=\box61
\enit@count@id=\count284
\enitdp@description=\count285
) (c:/Users/C5CC/Documents/tex/texlive/2023/texmf-dist/tex/latex/etoolbox/etoolbox.sty
Package: etoolbox 2020/10/05 v2.5k e-TeX tools for LaTeX (JAW)
\etb@tempcnta=\count286
)
\c@alternatei=\count287
\enitdp@alternate=\count288
\c@altereveni=\count289
\enitdp@altereven=\count290
 (./catecismo_araujo_1696.aux)
\openout1 = `catecismo_araujo_1696.aux'.

LaTeX Font Info:    Checking defaults for OML/cmm/m/it on input line 144.
LaTeX Font Info:    ... okay on input line 144.
LaTeX Font Info:    Checking defaults for OMS/cmsy/m/n on input line 144.
LaTeX Font Info:    ... okay on input line 144.
LaTeX Font Info:    Checking defaults for OT1/cmr/m/n on input line 144.
LaTeX Font Info:    ... okay on input line 144.
LaTeX Font Info:    Checking defaults for T1/cmr/m/n on input line 144.
LaTeX Font Info:    ... okay on input line 144.
LaTeX Font Info:    Checking defaults for TS1/cmr/m/n on input line 144.
LaTeX Font Info:    Trying to load font information for TS1+cmr on input line 144.
 (c:/Users/C5CC/Documents/tex/texlive/2023/texmf-dist/tex/latex/base/ts1cmr.fd
File: ts1cmr.fd 2023/04/13 v2.5m Standard LaTeX font definitions
)
LaTeX Font Info:    ... okay on input line 144.
LaTeX Font Info:    Checking defaults for TU/lmr/m/n on input line 144.
LaTeX Font Info:    ... okay on input line 144.
LaTeX Font Info:    Checking defaults for OMX/cmex/m/n on input line 144.
LaTeX Font Info:    ... okay on input line 144.
LaTeX Font Info:    Checking defaults for U/cmr/m/n on input line 144.
LaTeX Font Info:    ... okay on input line 144.

*geometry* driver: auto-detecting
*geometry* detected driver: xetex
*geometry* verbose mode - [ preamble ] result:
* driver: xetex
* paper: a5paper
* layout: <same size as paper>
* layoutoffset:(h,v)=(0.0pt,0.0pt)
* modes: twoside 
* h-part:(L,W,R)=(92.18692pt, 190.63345pt, 138.28041pt)
* v-part:(T,H,B)=(83.08203pt, 389.80275pt, 124.6231pt)
* \paperwidth=421.10078pt
* \paperheight=597.50787pt
* \textwidth=190.63345pt
* \textheight=389.80275pt
* \oddsidemargin=19.91693pt
* \evensidemargin=66.01042pt
* \topmargin=-21.06175pt
* \headheight=12.0pt
* \headsep=19.8738pt
* \topskip=12.0pt
* \footskip=30.0pt
* \marginparwidth=98.0pt
* \marginparsep=7.0pt
* \columnsep=10.0pt
* \skip\footins=10.8pt plus 4.0pt minus 2.0pt
* \hoffset=0.0pt
* \voffset=0.0pt
* \mag=1000
* \@twocolumnfalse
* \@twosidetrue
* \@mparswitchtrue
* \@reversemarginfalse
* (1in=72.27pt=25.4mm, 1cm=28.453pt)


Package fontspec Info: Adjusting the maths setup (use [no-math] to avoid
(fontspec)             this).

\symlegacymaths=\mathgroup4
LaTeX Font Info:    Overwriting symbol font `legacymaths' in version `bold'
(Font)                  OT1/cmr/m/n --> OT1/cmr/bx/n on input line 144.
LaTeX Font Info:    Redeclaring math accent \acute on input line 144.
LaTeX Font Info:    Redeclaring math accent \grave on input line 144.
LaTeX Font Info:    Redeclaring math accent \ddot on input line 144.
LaTeX Font Info:    Redeclaring math accent \tilde on input line 144.
LaTeX Font Info:    Redeclaring math accent \bar on input line 144.
LaTeX Font Info:    Redeclaring math accent \breve on input line 144.
LaTeX Font Info:    Redeclaring math accent \check on input line 144.
LaTeX Font Info:    Redeclaring math accent \hat on input line 144.
LaTeX Font Info:    Redeclaring math accent \dot on input line 144.
LaTeX Font Info:    Redeclaring math accent \mathring on input line 144.
LaTeX Font Info:    Redeclaring math symbol \colon on input line 144.
LaTeX Font Info:    Redeclaring math symbol \Gamma on input line 144.
LaTeX Font Info:    Redeclaring math symbol \Delta on input line 144.
LaTeX Font Info:    Redeclaring math symbol \Theta on input line 144.
LaTeX Font Info:    Redeclaring math symbol \Lambda on input line 144.
LaTeX Font Info:    Redeclaring math symbol \Xi on input line 144.
LaTeX Font Info:    Redeclaring math symbol \Pi on input line 144.
LaTeX Font Info:    Redeclaring math symbol \Sigma on input line 144.
LaTeX Font Info:    Redeclaring math symbol \Upsilon on input line 144.
LaTeX Font Info:    Redeclaring math symbol \Phi on input line 144.
LaTeX Font Info:    Redeclaring math symbol \Psi on input line 144.
LaTeX Font Info:    Redeclaring math symbol \Omega on input line 144.
LaTeX Font Info:    Redeclaring math symbol \mathdollar on input line 144.
LaTeX Font Info:    Redeclaring symbol font `operators' on input line 144.
LaTeX Font Info:    Encoding `OT1' has changed to `TU' for symbol font
(Font)              `operators' in the math version `normal' on input line 144.
LaTeX Font Info:    Overwriting symbol font `operators' in version `normal'
(Font)                  OT1/cmr/m/n --> TU/lmr/m/n on input line 144.
LaTeX Font Info:    Encoding `OT1' has changed to `TU' for symbol font
(Font)              `operators' in the math version `bold' on input line 144.
LaTeX Font Info:    Overwriting symbol font `operators' in version `bold'
(Font)                  OT1/cmr/bx/n --> TU/lmr/m/n on input line 144.
LaTeX Font Info:    Overwriting symbol font `operators' in version `normal'
(Font)                  TU/lmr/m/n --> TU/lmr/m/n on input line 144.
LaTeX Font Info:    Overwriting math alphabet `\mathit' in version `normal'
(Font)                  OT1/cmr/m/it --> TU/lmr/m/it on input line 144.
LaTeX Font Info:    Overwriting math alphabet `\mathbf' in version `normal'
(Font)                  OT1/cmr/bx/n --> TU/lmr/b/n on input line 144.
LaTeX Font Info:    Overwriting math alphabet `\mathsf' in version `normal'
(Font)                  OT1/cmss/m/n --> TU/lmss/m/n on input line 144.
LaTeX Font Info:    Overwriting math alphabet `\mathtt' in version `normal'
(Font)                  OT1/cmtt/m/n --> TU/lmtt/m/n on input line 144.
LaTeX Font Info:    Overwriting symbol font `operators' in version `bold'
(Font)                  TU/lmr/m/n --> TU/lmr/b/n on input line 144.
LaTeX Font Info:    Overwriting math alphabet `\mathit' in version `bold'
(Font)                  OT1/cmr/bx/it --> TU/lmr/b/it on input line 144.
LaTeX Font Info:    Overwriting math alphabet `\mathsf' in version `bold'
(Font)                  OT1/cmss/bx/n --> TU/lmss/b/n on input line 144.
LaTeX Font Info:    Overwriting math alphabet `\mathtt' in version `bold'
(Font)                  OT1/cmtt/m/n --> TU/lmtt/b/n on input line 144.

Package fontspec Info: Font family 'EBGaramond(0)' created for font 'EB
(fontspec)             Garamond' with options
(fontspec)             [Ligatures=TeX,Ligatures=Historic].
(fontspec)              
(fontspec)              This font family consists of the following NFSS
(fontspec)             series/shapes:
(fontspec)              
(fontspec)             - 'normal' (m/n) with NFSS spec.: <->"EB
(fontspec)             Garamond/OT:script=latn;language=dflt;+hlig;mapping=tex-text;"
(fontspec)             - 'small caps'  (m/sc) with NFSS spec.: <->"EB
(fontspec)             Garamond/OT:script=latn;language=dflt;+hlig;+smcp;mapping=tex-text;"
(fontspec)             - 'bold' (b/n) with NFSS spec.: <->"EB
(fontspec)             Garamond/B/OT:script=latn;language=dflt;+hlig;mapping=tex-text;"
(fontspec)             - 'bold small caps'  (b/sc) with NFSS spec.: <->"EB
(fontspec)             Garamond/B/OT:script=latn;language=dflt;+hlig;+smcp;mapping=tex-text;"
(fontspec)             - 'italic' (m/it) with NFSS spec.: <->"EB
(fontspec)             Garamond/I/OT:script=latn;language=dflt;+hlig;mapping=tex-text;"
(fontspec)             - 'italic small caps'  (m/scit) with NFSS spec.: <->"EB
(fontspec)             Garamond/I/OT:script=latn;language=dflt;+hlig;+smcp;mapping=tex-text;"
(fontspec)             - 'bold italic' (b/it) with NFSS spec.: <->"EB
(fontspec)             Garamond/BI/OT:script=latn;language=dflt;+hlig;mapping=tex-text;"
(fontspec)             - 'bold italic small caps'  (b/scit) with NFSS spec.:
(fontspec)             <->"EB
(fontspec)             Garamond/BI/OT:script=latn;language=dflt;+hlig;+smcp;mapping=tex-text;"

LaTeX Font Info:    External font `cmex10' loaded for size
(Font)              <14.4> on input line 151.
LaTeX Font Info:    External font `cmex10' loaded for size
(Font)              <7> on input line 151.
[1


] [1

]

Package fancyhdr Warning: \headheight is too small (12.0pt): 
(fancyhdr)                Make it at least 14.49998pt, for example:
(fancyhdr)                \setlength{\headheight}{14.49998pt}.
(fancyhdr)                You might also make \topmargin smaller to compensate:
(fancyhdr)                \addtolength{\topmargin}{-2.49998pt}.

[2]
Underfull \vbox (badness 10000) has occurred while \output is active []



Package fancyhdr Warning: \headheight is too small (12.0pt): 
(fancyhdr)                Make it at least 14.49998pt, for example:
(fancyhdr)                \setlength{\headheight}{14.49998pt}.
(fancyhdr)                You might also make \topmargin smaller to compensate:
(fancyhdr)                \addtolength{\topmargin}{-2.49998pt}.

[3

]
File: ./images/img.png Graphic file (type bmp)
<./images/img.png>


Package fancyhdr Warning: \headheight is too small (12.0pt): 
(fancyhdr)                Make it at least 14.49998pt, for example:
(fancyhdr)                \setlength{\headheight}{14.49998pt}.
(fancyhdr)                You might also make \topmargin smaller to compensate:
(fancyhdr)                \addtolength{\topmargin}{-2.49998pt}.

[4]
File: ./images/01-poemas_brasilicos.png Graphic file (type bmp)
<./images/01-poemas_brasilicos.png>

Cap\'{\i }tulo 1.
Package lettrine.sty Info: Targeted height = 63.436pt
(lettrine.sty)             (for loversize=0, accent excluded),
(lettrine.sty)             Lettrine height = 70.47406pt (\zall {I});
(lettrine.sty)             reported on input line 245.

Overfull \hbox (3.96461pt too wide) in paragraph at lines 245--250
\TU/EBGaramond(0)/m/n/12 JESU, xe poçánga ymána 
 []


Package fancyhdr Warning: \headheight is too small (12.0pt): 
(fancyhdr)                Make it at least 14.49998pt, for example:
(fancyhdr)                \setlength{\headheight}{14.49998pt}.
(fancyhdr)                You might also make \topmargin smaller to compensate:
(fancyhdr)                \addtolength{\topmargin}{-2.49998pt}.

[5

]
Package lettrine.sty Info: Targeted height = 19.936pt
(lettrine.sty)             (for loversize=0, accent excluded),
(lettrine.sty)             Lettrine height = 19.93594pt (T);
(lettrine.sty)             reported on input line 289.
Package lettrine.sty Info: Targeted height = 19.936pt
(lettrine.sty)             (for loversize=0, accent excluded),
(lettrine.sty)             Lettrine height = 19.70613pt (A);
(lettrine.sty)             reported on input line 297.


Package fancyhdr Warning: \headheight is too small (12.0pt): 
(fancyhdr)                Make it at least 14.49998pt, for example:
(fancyhdr)                \setlength{\headheight}{14.49998pt}.
(fancyhdr)                You might also make \topmargin smaller to compensate:
(fancyhdr)                \addtolength{\topmargin}{-2.49998pt}.

[6]

Package fancyhdr Warning: \headheight is too small (12.0pt): 
(fancyhdr)                Make it at least 14.49998pt, for example:
(fancyhdr)                \setlength{\headheight}{14.49998pt}.
(fancyhdr)                You might also make \topmargin smaller to compensate:
(fancyhdr)                \addtolength{\topmargin}{-2.49998pt}.

[7]
Underfull \hbox (badness 10000) in paragraph at lines 351--356

 []


Package fancyhdr Warning: \headheight is too small (12.0pt): 
(fancyhdr)                Make it at least 14.49998pt, for example:
(fancyhdr)                \setlength{\headheight}{14.49998pt}.
(fancyhdr)                You might also make \topmargin smaller to compensate:
(fancyhdr)                \addtolength{\topmargin}{-2.49998pt}.

[8]
Package lettrine.sty Info: Targeted height = 19.936pt
(lettrine.sty)             (for loversize=0, accent excluded),
(lettrine.sty)             Lettrine height = 18.9018pt (P);
(lettrine.sty)             reported on input line 365.
Package lettrine.sty Info: Targeted height = 19.936pt
(lettrine.sty)             (for loversize=0, accent excluded),
(lettrine.sty)             Lettrine height = 18.84435pt (X);
(lettrine.sty)             reported on input line 374.


Package fancyhdr Warning: \headheight is too small (12.0pt): 
(fancyhdr)                Make it at least 14.49998pt, for example:
(fancyhdr)                \setlength{\headheight}{14.49998pt}.
(fancyhdr)                You might also make \topmargin smaller to compensate:
(fancyhdr)                \addtolength{\topmargin}{-2.49998pt}.

[9]
Package lettrine.sty Info: Targeted height = 19.936pt
(lettrine.sty)             (for loversize=0, accent excluded),
(lettrine.sty)             Lettrine height = 18.84435pt (M);
(lettrine.sty)             reported on input line 408.
Package lettrine.sty Info: Targeted height = 19.936pt
(lettrine.sty)             (for loversize=0, accent excluded),
(lettrine.sty)             Lettrine height = 18.84435pt (X);
(lettrine.sty)             reported on input line 417.


Package fancyhdr Warning: \headheight is too small (12.0pt): 
(fancyhdr)                Make it at least 14.49998pt, for example:
(fancyhdr)                \setlength{\headheight}{14.49998pt}.
(fancyhdr)                You might also make \topmargin smaller to compensate:
(fancyhdr)                \addtolength{\topmargin}{-2.49998pt}.

[10]
File: ./images/02-aos_religiosos.png Graphic file (type bmp)
<./images/02-aos_religiosos.png>


Package fancyhdr Warning: \headheight is too small (12.0pt): 
(fancyhdr)                Make it at least 14.49998pt, for example:
(fancyhdr)                \setlength{\headheight}{14.49998pt}.
(fancyhdr)                You might also make \topmargin smaller to compensate:
(fancyhdr)                \addtolength{\topmargin}{-2.49998pt}.

[11]
Package lettrine.sty Info: Targeted height = 19.936pt
(lettrine.sty)             (for loversize=0, accent excluded),
(lettrine.sty)             Lettrine height = 19.07416pt (S);
(lettrine.sty)             reported on input line 460.

Underfull \hbox (badness 2846) in paragraph at lines 460--486
\TU/EBGaramond(0)/m/n/12 que já hoje eſtranha o commum idio-
 []


Overfull \hbox (0.98257pt too wide) in paragraph at lines 460--486
\TU/EBGaramond(0)/m/n/12 vras mais neceſſarias á intelligencia dos myſ-
 []


Overfull \hbox (1.33057pt too wide) in paragraph at lines 460--486
\TU/EBGaramond(0)/m/n/12 ca introduſio nos celeiros de Chriſto: como
 []


Overfull \hbox (0.39056pt too wide) in paragraph at lines 460--486
\TU/EBGaramond(0)/m/n/12 tidas converſoẽs venturoſo aumento ao Im-
 []


Package fancyhdr Warning: \headheight is too small (12.0pt): 
(fancyhdr)                Make it at least 14.49998pt, for example:
(fancyhdr)                \setlength{\headheight}{14.49998pt}.
(fancyhdr)                You might also make \topmargin smaller to compensate:
(fancyhdr)                \addtolength{\topmargin}{-2.49998pt}.

[12]
File: ./images/03-advertencias.png Graphic file (type bmp)
<./images/03-advertencias.png>


Package fancyhdr Warning: \headheight is too small (12.0pt): 
(fancyhdr)                Make it at least 14.49998pt, for example:
(fancyhdr)                \setlength{\headheight}{14.49998pt}.
(fancyhdr)                You might also make \topmargin smaller to compensate:
(fancyhdr)                \addtolength{\topmargin}{-2.49998pt}.

[13]
Package lettrine.sty Info: Targeted height = 19.936pt
(lettrine.sty)             (for loversize=0, accent excluded),
(lettrine.sty)             Lettrine height = 18.75816pt (E);
(lettrine.sty)             reported on input line 498.


Package fancyhdr Warning: \headheight is too small (12.0pt): 
(fancyhdr)                Make it at least 14.49998pt, for example:
(fancyhdr)                \setlength{\headheight}{14.49998pt}.
(fancyhdr)                You might also make \topmargin smaller to compensate:
(fancyhdr)                \addtolength{\topmargin}{-2.49998pt}.

[14]
Overfull \hbox (3.98259pt too wide) in paragraph at lines 530--542
[]\TU/EBGaramond(0)/m/n/12 K, caracter Grego ſe introduſio aqui por
 []


Overfull \hbox (3.55061pt too wide) in paragraph at lines 530--542
\TU/EBGaramond(0)/m/n/12 dar a muitas deſta lingoa, como Okena, por-
 []


Overfull \hbox (2.42259pt too wide) in paragraph at lines 530--542
\TU/EBGaramond(0)/m/n/12 quaes ſaõ, Eboqué, eis aqui: Aquéa, aquela:
 []


Overfull \hbox (1.44391pt too wide) in paragraph at lines 543--548
\TU/EBGaramond(0)/m/n/12 tugueza, Gigante. Mas quando tiver H, im-
 []


Package fancyhdr Warning: \headheight is too small (12.0pt): 
(fancyhdr)                Make it at least 14.49998pt, for example:
(fancyhdr)                \setlength{\headheight}{14.49998pt}.
(fancyhdr)                You might also make \topmargin smaller to compensate:
(fancyhdr)                \addtolength{\topmargin}{-2.49998pt}.

[15]
Overfull \hbox (0.2746pt too wide) in paragraph at lines 555--568
\TU/EBGaramond(0)/m/n/12 meſma vocalidade ſe enunciará, quando no
 []


Overfull \hbox (1.4946pt too wide) in paragraph at lines 555--568
\TU/EBGaramond(0)/m/n/12 principio da diçaõ eſtiver antes de vogal, co-
 []


Underfull \hbox (badness 2680) in paragraph at lines 555--568
\TU/EBGaramond(0)/m/n/12 Seguindo qualquer vogal fará com ella
 []


Underfull \hbox (badness 10000) in paragraph at lines 555--568
\TU/EBGaramond(0)/m/n/12 para diphtongo, a vogal antecedente
 []


Package fancyhdr Warning: \headheight is too small (12.0pt): 
(fancyhdr)                Make it at least 14.49998pt, for example:
(fancyhdr)                \setlength{\headheight}{14.49998pt}.
(fancyhdr)                You might also make \topmargin smaller to compensate:
(fancyhdr)                \addtolength{\topmargin}{-2.49998pt}.

[16]
Overfull \hbox (3.03062pt too wide) in paragraph at lines 582--594
\TU/EBGaramond(0)/m/n/12 rem dous VV, ſobre outra vogal, fica liquido
 []


Package fancyhdr Warning: \headheight is too small (12.0pt): 
(fancyhdr)                Make it at least 14.49998pt, for example:
(fancyhdr)                \setlength{\headheight}{14.49998pt}.
(fancyhdr)                You might also make \topmargin smaller to compensate:
(fancyhdr)                \addtolength{\topmargin}{-2.49998pt}.

[17]
Overfull \hbox (5.06258pt too wide) in paragraph at lines 595--611
\TU/EBGaramond(0)/m/n/12 eſcreveraõ Ig.Porém inſufficientemente hũs,
 []


Overfull \hbox (3.55061pt too wide) in paragraph at lines 612--617
\TU/EBGaramond(0)/m/n/12 ſente neſtas palavras Portuguezas, vaã couſa,
 []


Package fancyhdr Warning: \headheight is too small (12.0pt): 
(fancyhdr)                Make it at least 14.49998pt, for example:
(fancyhdr)                \setlength{\headheight}{14.49998pt}.
(fancyhdr)                You might also make \topmargin smaller to compensate:
(fancyhdr)                \addtolength{\topmargin}{-2.49998pt}.

[18]
Overfull \hbox (1.81856pt too wide) in paragraph at lines 618--633
\TU/EBGaramond(0)/m/n/12 dição: pois he neceſſario eſte conhecimento
 []


Overfull \hbox (1.6239pt too wide) in paragraph at lines 634--655
\TU/EBGaramond(0)/m/n/12 aguda, como Túbã, pay. Na antepenultima
 []


Overfull \hbox (1.45058pt too wide) in paragraph at lines 634--655
\TU/EBGaramond(0)/m/n/12 tá, reſo, fallo com Deos: & neſte Açuguyóc,
 []


Overfull \hbox (2.10925pt too wide) in paragraph at lines 634--655
\TU/EBGaramond(0)/m/n/12 ſempre he aguda; naõ ſe lhe poem com tudo
 []


Package fancyhdr Warning: \headheight is too small (12.0pt): 
(fancyhdr)                Make it at least 14.49998pt, for example:
(fancyhdr)                \setlength{\headheight}{14.49998pt}.
(fancyhdr)                You might also make \topmargin smaller to compensate:
(fancyhdr)                \addtolength{\topmargin}{-2.49998pt}.

[19]
Overfull \hbox (0.41058pt too wide) in paragraph at lines 656--679
\TU/EBGaramond(0)/m/n/12 meſmas palavras, & por neceſſidade ſe abra-
 []


Package fancyhdr Warning: \headheight is too small (12.0pt): 
(fancyhdr)                Make it at least 14.49998pt, for example:
(fancyhdr)                \setlength{\headheight}{14.49998pt}.
(fancyhdr)                You might also make \topmargin smaller to compensate:
(fancyhdr)                \addtolength{\topmargin}{-2.49998pt}.

[20]
File: ./images/02-aos_religiosos.png Graphic file (type bmp)
<./images/02-aos_religiosos.png>


Package fancyhdr Warning: \headheight is too small (12.0pt): 
(fancyhdr)                Make it at least 14.49998pt, for example:
(fancyhdr)                \setlength{\headheight}{14.49998pt}.
(fancyhdr)                You might also make \topmargin smaller to compensate:
(fancyhdr)                \addtolength{\topmargin}{-2.49998pt}.

[21]
Package lettrine.sty Info: Targeted height = 19.936pt
(lettrine.sty)             (for loversize=0, accent excluded),
(lettrine.sty)             Lettrine height = 19.07416pt (O);
(lettrine.sty)             reported on input line 689.

Underfull \hbox (badness 10000) in paragraph at lines 689--699
\TU/EBGaramond(0)/m/n/12 ſe torne a imprimir o Cateciſmo da
 []


Overfull \hbox (2.5586pt too wide) in paragraph at lines 689--699
\TU/EBGaramond(0)/m/n/12 Doutrina Chriſtãa na lingoa do Braſil, com-
 []


Overfull \hbox (10.6986pt too wide) in paragraph at lines 689--699
\TU/EBGaramond(0)/m/n/12 panhia, reviſto, & approvado por Padres dou-
 []

File: ./images/04.aprovacao2.png Graphic file (type bmp)
<./images/04.aprovacao2.png>

Package fancyhdr Warning: \headheight is too small (12.0pt): 
(fancyhdr)                Make it at least 14.49998pt, for example:
(fancyhdr)                \setlength{\headheight}{14.49998pt}.
(fancyhdr)                You might also make \topmargin smaller to compensate:
(fancyhdr)                \addtolength{\topmargin}{-2.49998pt}.

[22]
Package lettrine.sty Info: Targeted height = 19.936pt
(lettrine.sty)             (for loversize=0, accent excluded),
(lettrine.sty)             Lettrine height = 18.9018pt (P);
(lettrine.sty)             reported on input line 711.

Underfull \hbox (badness 5622) in paragraph at lines 711--723
\TU/EBGaramond(0)/m/n/12 maõ Provinvial deſta Provincia do
 []

File: ./images/05.aprovacao3.png Graphic file (type bmp)
<./images/05.aprovacao3.png>

Package fancyhdr Warning: \headheight is too small (12.0pt): 
(fancyhdr)                Make it at least 14.49998pt, for example:
(fancyhdr)                \setlength{\headheight}{14.49998pt}.
(fancyhdr)                You might also make \topmargin smaller to compensate:
(fancyhdr)                \addtolength{\topmargin}{-2.49998pt}.

[23]
Package lettrine.sty Info: Targeted height = 19.936pt
(lettrine.sty)             (for loversize=0, accent excluded),
(lettrine.sty)             Lettrine height = 18.9018pt (P);
(lettrine.sty)             reported on input line 736.

Underfull \hbox (badness 3068) in paragraph at lines 736--761
\TU/EBGaramond(0)/m/n/12 Guſmaõ, Provincial deſta Provincia
 []


Overfull \hbox (0.55458pt too wide) in paragraph at lines 736--761
\TU/EBGaramond(0)/m/n/12 emendado, aſſim dos erros da impreſſaõ an-
 []


Overfull \hbox (4.19463pt too wide) in paragraph at lines 736--761
\TU/EBGaramond(0)/m/n/12 que paſſaraõ a termos mais cultos, nos quaes
 []


Overfull \hbox (1.4506pt too wide) in paragraph at lines 736--761
\TU/EBGaramond(0)/m/n/12 ra as diſtinguir, nos ſentidos,& ſignificados;
 []


Overfull \hbox (0.8026pt too wide) in paragraph at lines 736--761
\TU/EBGaramond(0)/m/n/12 & para iſſo ſervem as diverſas pontuaçoẽs,&
 []


Overfull \hbox (2.81061pt too wide) in paragraph at lines 736--761
\TU/EBGaramond(0)/m/n/12 que fem elle pareceria ſuperfluidade, & con-
 []


Package fancyhdr Warning: \headheight is too small (12.0pt): 
(fancyhdr)                Make it at least 14.49998pt, for example:
(fancyhdr)                \setlength{\headheight}{14.49998pt}.
(fancyhdr)                You might also make \topmargin smaller to compensate:
(fancyhdr)                \addtolength{\topmargin}{-2.49998pt}.

[24]
Overfull \hbox (2.51859pt too wide) in paragraph at lines 762--772
\TU/EBGaramond(0)/m/n/12 mentos na materia da adminiſtraçaõ dos Sa-
 []


Overfull \hbox (0.8306pt too wide) in paragraph at lines 762--772
\TU/EBGaramond(0)/m/n/12 ſingular luz aos operarios deſta vinha do Se-
 []


Overfull \hbox (3.21461pt too wide) in paragraph at lines 762--772
\TU/EBGaramond(0)/m/n/12 nhor, & notavel proveito a áquelles, em cuja
 []

File: ./images/06.licencas.png Graphic file (type bmp)
<./images/06.licencas.png>

Package fancyhdr Warning: \headheight is too small (12.0pt): 
(fancyhdr)                Make it at least 14.49998pt, for example:
(fancyhdr)                \setlength{\headheight}{14.49998pt}.
(fancyhdr)                You might also make \topmargin smaller to compensate:
(fancyhdr)                \addtolength{\topmargin}{-2.49998pt}.

[25]
Cap\'{\i }tulo 2.
Package lettrine.sty Info: Targeted height = 19.936pt
(lettrine.sty)             (for loversize=0, accent excluded),
(lettrine.sty)             Lettrine height = 19.07416pt (O);
(lettrine.sty)             reported on input line 788.

Underfull \hbox (badness 1648) in paragraph at lines 788--794
\TU/EBGaramond(0)/m/n/12 Tiago Qualificador do Santo Offi-
 []

Package lettrine.sty Info: Targeted height = 19.936pt
(lettrine.sty)             (for loversize=0, accent excluded),
(lettrine.sty)             Lettrine height = 18.75816pt (V);
(lettrine.sty)             reported on input line 807.
Package lettrine.sty Info: Targeted height = 19.936pt
(lettrine.sty)             (for loversize=0, accent excluded),
(lettrine.sty)             Lettrine height = 19.07416pt (O);
(lettrine.sty)             reported on input line 818.

Package fancyhdr Warning: \headheight is too small (12.0pt): 
(fancyhdr)                Make it at least 14.49998pt, for example:
(fancyhdr)                \setlength{\headheight}{14.49998pt}.
(fancyhdr)                You might also make \topmargin smaller to compensate:
(fancyhdr)                \addtolength{\topmargin}{-2.49998pt}.

[26]
Package lettrine.sty Info: Targeted height = 19.936pt
(lettrine.sty)             (for loversize=0, accent excluded),
(lettrine.sty)             Lettrine height = 18.9018pt (P);
(lettrine.sty)             reported on input line 837.

Overfull \hbox (0.3106pt too wide) in paragraph at lines 837--855
\TU/EBGaramond(0)/m/n/12 Provincia, que tinhaõ paſtado áquellas par-
 []


Overfull \hbox (0.3506pt too wide) in paragraph at lines 837--855
\TU/EBGaramond(0)/m/n/12 priedade, que deſejei acharme nos annos da
 []


Overfull \hbox (0.25461pt too wide) in paragraph at lines 837--855
\TU/EBGaramond(0)/m/n/12 ceo, que o preſente Cateciſmo naõ ſómente
 []


Package fancyhdr Warning: \headheight is too small (12.0pt): 
(fancyhdr)                Make it at least 14.49998pt, for example:
(fancyhdr)                \setlength{\headheight}{14.49998pt}.
(fancyhdr)                You might also make \topmargin smaller to compensate:
(fancyhdr)                \addtolength{\topmargin}{-2.49998pt}.

[27]
Package lettrine.sty Info: Targeted height = 19.936pt
(lettrine.sty)             (for loversize=0, accent excluded),
(lettrine.sty)             Lettrine height = 18.75816pt (V);
(lettrine.sty)             reported on input line 861.
Package lettrine.sty Info: Targeted height = 19.936pt
(lettrine.sty)             (for loversize=0, accent excluded),
(lettrine.sty)             Lettrine height = 18.9018pt (P);
(lettrine.sty)             reported on input line 876.
Package lettrine.sty Info: Targeted height = 19.936pt
(lettrine.sty)             (for loversize=0, accent excluded),
(lettrine.sty)             Lettrine height = 18.9018pt (P);
(lettrine.sty)             reported on input line 886.


Package fancyhdr Warning: \headheight is too small (12.0pt): 
(fancyhdr)                Make it at least 14.49998pt, for example:
(fancyhdr)                \setlength{\headheight}{14.49998pt}.
(fancyhdr)                You might also make \topmargin smaller to compensate:
(fancyhdr)                \addtolength{\topmargin}{-2.49998pt}.

[28]
File: ./images/07.erratas.png Graphic file (type bmp)
<./images/07.erratas.png>


Package fancyhdr Warning: \headheight is too small (12.0pt): 
(fancyhdr)                Make it at least 14.49998pt, for example:
(fancyhdr)                \setlength{\headheight}{14.49998pt}.
(fancyhdr)                You might also make \topmargin smaller to compensate:
(fancyhdr)                \addtolength{\topmargin}{-2.49998pt}.

[29]
Cap\'{\i }tulo 3.
Package lettrine.sty Info: Targeted height = 19.936pt
(lettrine.sty)             (for loversize=0, accent excluded),
(lettrine.sty)             Lettrine height = 18.9018pt (P);
(lettrine.sty)             reported on input line 906.

Underfull \vbox (badness 4713) has occurred while \output is active []



Package fancyhdr Warning: \headheight is too small (12.0pt): 
(fancyhdr)                Make it at least 14.49998pt, for example:
(fancyhdr)                \setlength{\headheight}{14.49998pt}.
(fancyhdr)                You might also make \topmargin smaller to compensate:
(fancyhdr)                \addtolength{\topmargin}{-2.49998pt}.

[30]

Package fancyhdr Warning: \headheight is too small (12.0pt): 
(fancyhdr)                Make it at least 14.49998pt, for example:
(fancyhdr)                \setlength{\headheight}{14.49998pt}.
(fancyhdr)                You might also make \topmargin smaller to compensate:
(fancyhdr)                \addtolength{\topmargin}{-2.49998pt}.

[31]
File: ./images/08.jesus.png Graphic file (type bmp)
<./images/08.jesus.png>
File: ./images/09.livro1.png Graphic file (type bmp)
<./images/09.livro1.png>

Overfull \hbox (2.68863pt too wide) in paragraph at lines 940--943
 [] 
 []


Package fancyhdr Warning: \headheight is too small (12.0pt): 
(fancyhdr)                Make it at least 14.49998pt, for example:
(fancyhdr)                \setlength{\headheight}{14.49998pt}.
(fancyhdr)                You might also make \topmargin smaller to compensate:
(fancyhdr)                \addtolength{\topmargin}{-2.49998pt}.

[32]
Cap\'{\i }tulo 4.
Package lettrine.sty Info: Targeted height = 63.436pt
(lettrine.sty)             (for loversize=0, accent excluded),
(lettrine.sty)             Lettrine height = 63.26172pt (\zall {S});
(lettrine.sty)             reported on input line 969.

Overfull \hbox (2.51675pt too wide) in paragraph at lines 969--973
\TU/EBGaramond(0)/m/n/12 orepy cyrõ iepé, Tupã ore iár,
 []


Overfull \hbox (0.97006pt too wide) in paragraph at lines 969--973
\TU/EBGaramond(0)/m/n/12 oré amotarëymbâra çúí. Tû-
 []


Overfull \hbox (2.31274pt too wide) in paragraph at lines 969--973
\TU/EBGaramond(0)/m/n/12 ba, Täyra, Eſpirito Santo réra
 []

Package lettrine.sty Info: Targeted height = 19.936pt
(lettrine.sty)             (for loversize=0, accent excluded),
(lettrine.sty)             Lettrine height = 19.07416pt (O);
(lettrine.sty)             reported on input line 979.

Package fancyhdr Warning: \headheight is too small (12.0pt): 
(fancyhdr)                Make it at least 14.49998pt, for example:
(fancyhdr)                \setlength{\headheight}{14.49998pt}.
(fancyhdr)                You might also make \topmargin smaller to compensate:
(fancyhdr)                \addtolength{\topmargin}{-2.49998pt}.

[33]
Package lettrine.sty Info: Targeted height = 19.936pt
(lettrine.sty)             (for loversize=0, accent excluded),
(lettrine.sty)             Lettrine height = 19.70613pt (A);
(lettrine.sty)             reported on input line 989.

Underfull \hbox (badness 3240) in paragraph at lines 989--994
[]\TU/EBGaramond(0)/m/sc/12 V\TU/EBGaramond(0)/m/n/12 e Marîa, graça recé tynycémbäé:
 []

Package lettrine.sty Info: Targeted height = 19.936pt
(lettrine.sty)             (for loversize=0, accent excluded),
(lettrine.sty)             Lettrine height = 19.07416pt (S);
(lettrine.sty)             reported on input line 998.

Overfull \hbox (4.46788pt too wide) in paragraph at lines 998--1009
\TU/EBGaramond(0)/m/n/12 byramo. Ndébe oronhëangherúr orépöa cé-
 []


Underfull \hbox (badness 5161) in paragraph at lines 998--1009
\TU/EBGaramond(0)/m/n/12 guâba pupé. Enëĩ ore recé ierureçár
 []


Package fancyhdr Warning: \headheight is too small (12.0pt): 
(fancyhdr)                Make it at least 14.49998pt, for example:
(fancyhdr)                \setlength{\headheight}{14.49998pt}.
(fancyhdr)                You might also make \topmargin smaller to compensate:
(fancyhdr)                \addtolength{\topmargin}{-2.49998pt}.

[34]
Package lettrine.sty Info: Targeted height = 19.936pt
(lettrine.sty)             (for loversize=0, accent excluded),
(lettrine.sty)             Lettrine height = 19.70613pt (A);
(lettrine.sty)             reported on input line 1013.

Overfull \hbox (0.24107pt too wide) in paragraph at lines 1013--1028
\TU/EBGaramond(0)/m/n/12 tiruã monhanga eicatúbä’e, ybáca, yby
 []


Overfull \hbox (1.33058pt too wide) in paragraph at lines 1013--1028
\TU/EBGaramond(0)/m/n/12 to imonhângâpe pitangamo onhemonhan-
 []


Underfull \hbox (badness 10000) in paragraph at lines 1013--1028
\TU/EBGaramond(0)/m/n/12 cecôreme cerecomémoãbyramo cecóu:
 []


Underfull \hbox (badness 1635) in paragraph at lines 1013--1028
\TU/EBGaramond(0)/m/n/12 ijucápyramo, itymimbyramo. Ogoegyb
 []

Package lettrine.sty Info: Targeted height = 19.936pt
(lettrine.sty)             (for loversize=0, accent excluded),
(lettrine.sty)             Lettrine height = 19.04543pt (C);
(lettrine.sty)             reported on input line 1032.

Underfull \vbox (badness 10000) has occurred while \output is active []



Package fancyhdr Warning: \headheight is too small (12.0pt): 
(fancyhdr)                Make it at least 14.49998pt, for example:
(fancyhdr)                \setlength{\headheight}{14.49998pt}.
(fancyhdr)                You might also make \topmargin smaller to compensate:
(fancyhdr)                \addtolength{\topmargin}{-2.49998pt}.

[35]
Overfull \hbox (4.25458pt too wide) in paragraph at lines 1054--1056
[]\TU/EBGaramond(0)/m/n/12 Arobiár yby apytéripe igoegybagoêra, acé
 []


Overfull \hbox (4.5306pt too wide) in paragraph at lines 1054--1056
\TU/EBGaramond(0)/m/n/12 rúbypy caräíbetá angoéra äépe turâma oça-
 []


Package fancyhdr Warning: \headheight is too small (12.0pt): 
(fancyhdr)                Make it at least 14.49998pt, for example:
(fancyhdr)                \setlength{\headheight}{14.49998pt}.
(fancyhdr)                You might also make \topmargin smaller to compensate:
(fancyhdr)                \addtolength{\topmargin}{-2.49998pt}.

[36]
Overfull \hbox (2.83458pt too wide) in paragraph at lines 1057--1059
[]\TU/EBGaramond(0)/m/n/12 Arobiár ybákype ïieupiragoéra Tupã Tû-
 []


Overfull \hbox (5.69858pt too wide) in paragraph at lines 1059--1062
[]\TU/EBGaramond(0)/m/n/12 Arobiár árapapâne turãgoâma oicobébäe,
 []


Overfull \hbox (0.48659pt too wide) in paragraph at lines 1059--1062
\TU/EBGaramond(0)/m/n/12 omanõbäepoéra pabẽ recó catúagoéra, ce-
 []

Package lettrine.sty Info: Targeted height = 19.936pt
(lettrine.sty)             (for loversize=0, accent excluded),
(lettrine.sty)             Lettrine height = 18.93053pt (D);
(lettrine.sty)             reported on input line 1067.

Overfull \hbox (0.14256pt too wide) in paragraph at lines 1078--1079
[]\TU/EBGaramond(0)/m/n/12 Enhemomotárumé nde rapixára remire-
 []


Overfull \hbox (0.30258pt too wide) in paragraph at lines 1086--1087
[]\TU/EBGaramond(0)/m/n/12 Oieauçûba iábé acé öapixâra rauçûbanó. 
 []

Package lettrine.sty Info: Targeted height = 19.936pt
(lettrine.sty)             (for loversize=0, accent excluded),
(lettrine.sty)             Lettrine height = 19.07416pt (S);
(lettrine.sty)             reported on input line 1092.

Package fancyhdr Warning: \headheight is too small (12.0pt): 
(fancyhdr)                Make it at least 14.49998pt, for example:
(fancyhdr)                \setlength{\headheight}{14.49998pt}.
(fancyhdr)                You might also make \topmargin smaller to compensate:
(fancyhdr)                \addtolength{\topmargin}{-2.49998pt}.

[37]
Overfull \hbox (3.07857pt too wide) in paragraph at lines 1098--1100
[]\TU/EBGaramond(0)/m/n/12 Santa Madre Igreja iecüacúpoâia iabiõ ie-
 []


Overfull \hbox (13.59058pt too wide) in paragraph at lines 1100--1102
[]\TU/EBGaramond(0)/m/n/12 Opácombó iabiõ Tupã çupé oiepé acémbäe
 []


Overfull \hbox (6.20656pt too wide) in paragraph at lines 1100--1102
\TU/EBGaramond(0)/m/n/12 moiaóca: oemitymbuérypy pupé Tupã po-
 []

Package lettrine.sty Info: Targeted height = 19.936pt
(lettrine.sty)             (for loversize=0, accent excluded),
(lettrine.sty)             Lettrine height = 18.75816pt (Y);
(lettrine.sty)             reported on input line 1110.
Package lettrine.sty Info: Targeted height = 19.936pt
(lettrine.sty)             (for loversize=0, accent excluded),
(lettrine.sty)             Lettrine height = 19.07416pt (S);
(lettrine.sty)             reported on input line 1124.

Package fancyhdr Warning: \headheight is too small (12.0pt): 
(fancyhdr)                Make it at least 14.49998pt, for example:
(fancyhdr)                \setlength{\headheight}{14.49998pt}.
(fancyhdr)                You might also make \topmargin smaller to compensate:
(fancyhdr)                \addtolength{\topmargin}{-2.49998pt}.

[38]
Package lettrine.sty Info: Targeted height = 19.936pt
(lettrine.sty)             (for loversize=0, accent excluded),
(lettrine.sty)             Lettrine height = 18.84435pt (M);
(lettrine.sty)             reported on input line 1140.


Package fancyhdr Warning: \headheight is too small (12.0pt): 
(fancyhdr)                Make it at least 14.49998pt, for example:
(fancyhdr)                \setlength{\headheight}{14.49998pt}.
(fancyhdr)                You might also make \topmargin smaller to compensate:
(fancyhdr)                \addtolength{\topmargin}{-2.49998pt}.

[39]
Package lettrine.sty Info: Targeted height = 19.936pt
(lettrine.sty)             (for loversize=0, accent excluded),
(lettrine.sty)             Lettrine height = 19.70613pt (A);
(lettrine.sty)             reported on input line 1160.

Underfull \hbox (badness 1231) in paragraph at lines 1177--1178
[]\TU/EBGaramond(0)/m/n/12 Abá marã cecó agoérĩ recé nheranëy-
 []


Package fancyhdr Warning: \headheight is too small (12.0pt): 
(fancyhdr)                Make it at least 14.49998pt, for example:
(fancyhdr)                \setlength{\headheight}{14.49998pt}.
(fancyhdr)                You might also make \topmargin smaller to compensate:
(fancyhdr)                \addtolength{\topmargin}{-2.49998pt}.

[40]
Package lettrine.sty Info: Targeted height = 19.936pt
(lettrine.sty)             (for loversize=0, accent excluded),
(lettrine.sty)             Lettrine height = 19.93594pt (T);
(lettrine.sty)             reported on input line 1188.

Underfull \hbox (badness 1642) in paragraph at lines 1188--1188
[]\TU/EBGaramond(0)/m/sc/12 E\TU/EBGaramond(0)/m/n/12 có catú eté rerecoâra, öemimo-
 []


Overfull \hbox (2.17859pt too wide) in paragraph at lines 1191--1193
[]\TU/EBGaramond(0)/m/n/12 Tecó catú eté rerecoâra, onheranëymbäe,
 []


Overfull \hbox (15.21059pt too wide) in paragraph at lines 1201--1203
[]\TU/EBGaramond(0)/m/n/12 Tecó catú eté rerecoâra, oporomonhyrõbäe,
 []

Package lettrine.sty Info: Targeted height = 19.936pt
(lettrine.sty)             (for loversize=0, accent excluded),
(lettrine.sty)             Lettrine height = 19.93594pt (T);
(lettrine.sty)             reported on input line 1215.

Overfull \hbox (7.44258pt too wide) in paragraph at lines 1218--1219
[]\TU/EBGaramond(0)/m/n/12 Tupã omotecocüâba rupí mbäé mõmbëú. 
 []


Package fancyhdr Warning: \headheight is too small (12.0pt): 
(fancyhdr)                Make it at least 14.49998pt, for example:
(fancyhdr)                \setlength{\headheight}{14.49998pt}.
(fancyhdr)                You might also make \topmargin smaller to compensate:
(fancyhdr)                \addtolength{\topmargin}{-2.49998pt}.

[41]
Package lettrine.sty Info: Targeted height = 19.936pt
(lettrine.sty)             (for loversize=0, accent excluded),
(lettrine.sty)             Lettrine height = 19.93594pt (T);
(lettrine.sty)             reported on input line 1231.
Package lettrine.sty Info: Targeted height = 19.936pt
(lettrine.sty)             (for loversize=0, accent excluded),
(lettrine.sty)             Lettrine height = 19.93594pt (T);
(lettrine.sty)             reported on input line 1243.
Package lettrine.sty Info: Targeted height = 19.936pt
(lettrine.sty)             (for loversize=0, accent excluded),
(lettrine.sty)             Lettrine height = 18.84435pt (M);
(lettrine.sty)             reported on input line 1256.


Package fancyhdr Warning: \headheight is too small (12.0pt): 
(fancyhdr)                Make it at least 14.49998pt, for example:
(fancyhdr)                \setlength{\headheight}{14.49998pt}.
(fancyhdr)                You might also make \topmargin smaller to compensate:
(fancyhdr)                \addtolength{\topmargin}{-2.49998pt}.

[42]
Package lettrine.sty Info: Targeted height = 19.936pt
(lettrine.sty)             (for loversize=0, accent excluded),
(lettrine.sty)             Lettrine height = 18.84435pt (M);
(lettrine.sty)             reported on input line 1268.
Package lettrine.sty Info: Targeted height = 19.936pt
(lettrine.sty)             (for loversize=0, accent excluded),
(lettrine.sty)             Lettrine height = 19.93594pt (T);
(lettrine.sty)             reported on input line 1281.
Package lettrine.sty Info: Targeted height = 19.936pt
(lettrine.sty)             (for loversize=0, accent excluded),
(lettrine.sty)             Lettrine height = 18.84435pt (X);
(lettrine.sty)             reported on input line 1297.

Overfull \hbox (2.91597pt too wide) in paragraph at lines 1297--1304
[]\TU/EBGaramond(0)/m/sc/12 E\TU/EBGaramond(0)/m/n/12 rubiguy Tupã eté, opácatú mbäé çau-
 []


Overfull \hbox (5.53061pt too wide) in paragraph at lines 1297--1304
\TU/EBGaramond(0)/m/n/12 bäe çocé nde recó cüâpa, xe pyápe catú aimö-
 []


Package fancyhdr Warning: \headheight is too small (12.0pt): 
(fancyhdr)                Make it at least 14.49998pt, for example:
(fancyhdr)                \setlength{\headheight}{14.49998pt}.
(fancyhdr)                You might also make \topmargin smaller to compensate:
(fancyhdr)                \addtolength{\topmargin}{-2.49998pt}.

[43]
Package lettrine.sty Info: Targeted height = 19.936pt
(lettrine.sty)             (for loversize=0, accent excluded),
(lettrine.sty)             Lettrine height = 19.70613pt (A);
(lettrine.sty)             reported on input line 1308.

Overfull \hbox (1.30507pt too wide) in paragraph at lines 1308--1318
\TU/EBGaramond(0)/m/n/12 tiruã monhânga ëicatúbäe çupé, Santa
 []


Overfull \hbox (2.15059pt too wide) in paragraph at lines 1308--1318
\TU/EBGaramond(0)/m/n/12 tos Apoſtolos Saõ Pedro, Saõ Paulo çupébé,
 []


Overfull \hbox (3.2226pt too wide) in paragraph at lines 1308--1318
\TU/EBGaramond(0)/m/n/12 opacatpu Santos çupébé, ndêbo bé, Päí aba-
 []


Overfull \hbox (15.53056pt too wide) in paragraph at lines 1308--1318
\TU/EBGaramond(0)/m/n/12 bamo guitecómemoâmo, xe angaipábetéramo.
 []


Overfull \hbox (42.15858pt too wide) in paragraph at lines 1308--1318
\TU/EBGaramond(0)/m/n/12 Emonãnamo aieruré Santa Maria a-babycagoerëyma
 []


Overfull \hbox (3.2266pt too wide) in paragraph at lines 1308--1318
\TU/EBGaramond(0)/m/n/12 Joaõ Bautiſta çupebé, Santos Apoſtolos Saõ
 []

File: ./images/10.livro2.png Graphic file (type bmp)
<./images/10.livro2.png>

Package fancyhdr Warning: \headheight is too small (12.0pt): 
(fancyhdr)                Make it at least 14.49998pt, for example:
(fancyhdr)                \setlength{\headheight}{14.49998pt}.
(fancyhdr)                You might also make \topmargin smaller to compensate:
(fancyhdr)                \addtolength{\topmargin}{-2.49998pt}.

[44]
Cap\'{\i }tulo 5.

Overfull \hbox (3.33795pt too wide) in paragraph at lines 1353--1354
[]\TU/EBGaramond(0)/m/n/12 Meſtre. 
 []


Underfull \hbox (badness 10000) in paragraph at lines 1353--1354

 []


Overfull \hbox (1.12996pt too wide) in paragraph at lines 1353--1354
\TU/EBGaramond(0)/m/n/12 Diſcip. 
 []


Overfull \hbox (3.33795pt too wide) in paragraph at lines 1353--1354
\TU/EBGaramond(0)/m/n/12 Meſtre. 
 []


Overfull \hbox (1.12996pt too wide) in paragraph at lines 1353--1354
\TU/EBGaramond(0)/m/n/12 Diſcip. 
 []

Package lettrine.sty Info: Targeted height = 63.436pt
(lettrine.sty)             (for loversize=0, accent excluded),
(lettrine.sty)             Lettrine height = 56.23325pt (\zall {M});
(lettrine.sty)             reported on input line 1358.

Underfull \hbox (badness 5345) in paragraph at lines 1358--1363
[]\TU/EBGaramond(0)/m/sc/12 B\TU/EBGaramond(0)/m/n/12 äépe Chriſtaõs iecüa-
 []


Overfull \hbox (14.1698pt too wide) in paragraph at lines 1351--1364
  [] [] 
 []


Underfull \hbox (badness 10000) in paragraph at lines 1351--1364

 []


Underfull \hbox (badness 6910) in paragraph at lines 1367--1371
\TU/EBGaramond(0)/m/n/12 pé, Tupã oréiar, oré amotarëymbâra
 []


Underfull \hbox (badness 1715) in paragraph at lines 1367--1371
\TU/EBGaramond(0)/m/n/12 çüí: Tuba, Täyra, Eſpirito Santo rêra
 []


Package fancyhdr Warning: \headheight is too small (12.0pt): 
(fancyhdr)                Make it at least 14.49998pt, for example:
(fancyhdr)                \setlength{\headheight}{14.49998pt}.
(fancyhdr)                You might also make \topmargin smaller to compensate:
(fancyhdr)                \addtolength{\topmargin}{-2.49998pt}.

[45]
Overfull \hbox (2.15057pt too wide) in paragraph at lines 1371--1372
[]\TU/EBGaramond(0)/m/n/12 Maránamopé acé ocybápe iobaçâba möí-
 []


Underfull \hbox (badness 1038) in paragraph at lines 1376--1378
[]\TU/EBGaramond(0)/m/n/12 Táxepëá Tupã tecó angaipâba çüí acé
 []


Overfull \hbox (6.63058pt too wide) in paragraph at lines 1379--1381
\TU/EBGaramond(0)/m/n/12 rito Santo, Moçapyr abá, oiepé Tubã mom-
 []


Package fancyhdr Warning: \headheight is too small (12.0pt): 
(fancyhdr)                Make it at least 14.49998pt, for example:
(fancyhdr)                \setlength{\headheight}{14.49998pt}.
(fancyhdr)                You might also make \topmargin smaller to compensate:
(fancyhdr)                \addtolength{\topmargin}{-2.49998pt}.

[46]
Underfull \hbox (badness 2293) in paragraph at lines 1400--1402
[]\TU/EBGaramond(0)/m/n/12 Cecé imboiaripyramo omanômo oie-
 []


Overfull \hbox (1.97458pt too wide) in paragraph at lines 1402--1404
[]\TU/EBGaramond(0)/m/n/12 Oierokype acé iandé iâra räangâba çu-pé,
 []


Overfull \hbox (1.74258pt too wide) in paragraph at lines 1407--1409
[]\TU/EBGaramond(0)/m/n/12 Marã, itánhépe coipó ybyrá, nhäûma çüí
 []


Overfull \hbox (0.35457pt too wide) in paragraph at lines 1409--1411
[]\TU/EBGaramond(0)/m/n/12 Näâni, çäangabijâra é: çäangábamo cecó
 []


Package fancyhdr Warning: \headheight is too small (12.0pt): 
(fancyhdr)                Make it at least 14.49998pt, for example:
(fancyhdr)                \setlength{\headheight}{14.49998pt}.
(fancyhdr)                You might also make \topmargin smaller to compensate:
(fancyhdr)                \addtolength{\topmargin}{-2.49998pt}.

[47]
Package lettrine.sty Info: Targeted height = 19.936pt
(lettrine.sty)             (for loversize=0, accent excluded),
(lettrine.sty)             Lettrine height = 18.84435pt (M);
(lettrine.sty)             reported on input line 1422.

Underfull \hbox (badness 3407) in paragraph at lines 1437--1439
[]\TU/EBGaramond(0)/m/n/12 Cunhã angaturâma ababycagoerëyma
 []


Package fancyhdr Warning: \headheight is too small (12.0pt): 
(fancyhdr)                Make it at least 14.49998pt, for example:
(fancyhdr)                \setlength{\headheight}{14.49998pt}.
(fancyhdr)                You might also make \topmargin smaller to compensate:
(fancyhdr)                \addtolength{\topmargin}{-2.49998pt}.

[48]
Package lettrine.sty Info: Targeted height = 19.936pt
(lettrine.sty)             (for loversize=0, accent excluded),
(lettrine.sty)             Lettrine height = 19.70613pt (A);
(lettrine.sty)             reported on input line 1458.


Package fancyhdr Warning: \headheight is too small (12.0pt): 
(fancyhdr)                Make it at least 14.49998pt, for example:
(fancyhdr)                \setlength{\headheight}{14.49998pt}.
(fancyhdr)                You might also make \topmargin smaller to compensate:
(fancyhdr)                \addtolength{\topmargin}{-2.49998pt}.

[49]
Overfull \hbox (1.40657pt too wide) in paragraph at lines 1481--1482
[]\TU/EBGaramond(0)/m/n/12 Mbäérâma recépe Tupã imëenghi acébé? 
 []


Package fancyhdr Warning: \headheight is too small (12.0pt): 
(fancyhdr)                Make it at least 14.49998pt, for example:
(fancyhdr)                \setlength{\headheight}{14.49998pt}.
(fancyhdr)                You might also make \topmargin smaller to compensate:
(fancyhdr)                \addtolength{\topmargin}{-2.49998pt}.

[50]
Overfull \hbox (2.87057pt too wide) in paragraph at lines 1505--1507
\TU/EBGaramond(0)/m/n/12 oguauçûme,oiâbo,ixe omöetéreme oiâbo. 
 []


Overfull \hbox (18.8666pt too wide) in paragraph at lines 1517--1519
[]\TU/EBGaramond(0)/m/n/12 Marã ëípe acé Tupã okype oikeâbo, y caräíba
 []


Package fancyhdr Warning: \headheight is too small (12.0pt): 
(fancyhdr)                Make it at least 14.49998pt, for example:
(fancyhdr)                \setlength{\headheight}{14.49998pt}.
(fancyhdr)                You might also make \topmargin smaller to compensate:
(fancyhdr)                \addtolength{\topmargin}{-2.49998pt}.

[51]
Package lettrine.sty Info: Targeted height = 19.936pt
(lettrine.sty)             (for loversize=0, accent excluded),
(lettrine.sty)             Lettrine height = 18.84435pt (M);
(lettrine.sty)             reported on input line 1548.

Underfull \hbox (badness 2401) in paragraph at lines 1552--1554
[]\TU/EBGaramond(0)/m/n/12 Iandé iâra JESUS Chriſto äé oçäang
 []


Package fancyhdr Warning: \headheight is too small (12.0pt): 
(fancyhdr)                Make it at least 14.49998pt, for example:
(fancyhdr)                \setlength{\headheight}{14.49998pt}.
(fancyhdr)                You might also make \topmargin smaller to compensate:
(fancyhdr)                \addtolength{\topmargin}{-2.49998pt}.

[52]
Overfull \hbox (0.55856pt too wide) in paragraph at lines 1555--1556
[]\TU/EBGaramond(0)/m/n/12 Tupã monghetá recé iandé mböébo nhé. 
 []


Package fancyhdr Warning: \headheight is too small (12.0pt): 
(fancyhdr)                Make it at least 14.49998pt, for example:
(fancyhdr)                \setlength{\headheight}{14.49998pt}.
(fancyhdr)                You might also make \topmargin smaller to compensate:
(fancyhdr)                \addtolength{\topmargin}{-2.49998pt}.

[53]
Package lettrine.sty Info: Targeted height = 19.936pt
(lettrine.sty)             (for loversize=0, accent excluded),
(lettrine.sty)             Lettrine height = 18.84435pt (M);
(lettrine.sty)             reported on input line 1597.

Underfull \hbox (badness 1694) in paragraph at lines 1597--1597
\TU/EBGaramond(0)/m/n/12 Ybákype, ybype, opacatú mbäé
 []


Package fancyhdr Warning: \headheight is too small (12.0pt): 
(fancyhdr)                Make it at least 14.49998pt, for example:
(fancyhdr)                \setlength{\headheight}{14.49998pt}.
(fancyhdr)                You might also make \topmargin smaller to compensate:
(fancyhdr)                \addtolength{\topmargin}{-2.49998pt}.

[54]
Package lettrine.sty Info: Targeted height = 19.936pt
(lettrine.sty)             (for loversize=0, accent excluded),
(lettrine.sty)             Lettrine height = 18.84435pt (M);
(lettrine.sty)             reported on input line 1616.


Package fancyhdr Warning: \headheight is too small (12.0pt): 
(fancyhdr)                Make it at least 14.49998pt, for example:
(fancyhdr)                \setlength{\headheight}{14.49998pt}.
(fancyhdr)                You might also make \topmargin smaller to compensate:
(fancyhdr)                \addtolength{\topmargin}{-2.49998pt}.

[55]
Underfull \hbox (badness 6825) in paragraph at lines 1630--1632
[]\TU/EBGaramond(0)/m/n/12 Aëpe Chriſtaõs Tupã nhëêngabyâra,
 []


Overfull \hbox (0.27858pt too wide) in paragraph at lines 1632--1634
[]\TU/EBGaramond(0)/m/n/12 Aë ipó Tupã noimöangaturâmi imonga-
 []

Package lettrine.sty Info: Targeted height = 19.936pt
(lettrine.sty)             (for loversize=0, accent excluded),
(lettrine.sty)             Lettrine height = 18.84435pt (M);
(lettrine.sty)             reported on input line 1640.

Package fancyhdr Warning: \headheight is too small (12.0pt): 
(fancyhdr)                Make it at least 14.49998pt, for example:
(fancyhdr)                \setlength{\headheight}{14.49998pt}.
(fancyhdr)                You might also make \topmargin smaller to compensate:
(fancyhdr)                \addtolength{\topmargin}{-2.49998pt}.

[56]
Package lettrine.sty Info: Targeted height = 19.936pt
(lettrine.sty)             (for loversize=0, accent excluded),
(lettrine.sty)             Lettrine height = 18.84435pt (M);
(lettrine.sty)             reported on input line 1668.

Underfull \hbox (badness 1708) in paragraph at lines 1673--1675
[]\TU/EBGaramond(0)/m/n/12 Noimomarã mirĩ angâipe ybakygoâra
 []


Overfull \hbox (0.73058pt too wide) in paragraph at lines 1679--1681
[]\TU/EBGaramond(0)/m/n/12 Marãnamobépe acé tonhemonháng nde
 []


Package fancyhdr Warning: \headheight is too small (12.0pt): 
(fancyhdr)                Make it at least 14.49998pt, for example:
(fancyhdr)                \setlength{\headheight}{14.49998pt}.
(fancyhdr)                You might also make \topmargin smaller to compensate:
(fancyhdr)                \addtolength{\topmargin}{-2.49998pt}.

[57]
Package lettrine.sty Info: Targeted height = 19.936pt
(lettrine.sty)             (for loversize=0, accent excluded),
(lettrine.sty)             Lettrine height = 18.84435pt (M);
(lettrine.sty)             reported on input line 1692.


Package fancyhdr Warning: \headheight is too small (12.0pt): 
(fancyhdr)                Make it at least 14.49998pt, for example:
(fancyhdr)                \setlength{\headheight}{14.49998pt}.
(fancyhdr)                You might also make \topmargin smaller to compensate:
(fancyhdr)                \addtolength{\topmargin}{-2.49998pt}.

[58]
Package lettrine.sty Info: Targeted height = 19.936pt
(lettrine.sty)             (for loversize=0, accent excluded),
(lettrine.sty)             Lettrine height = 18.84435pt (M);
(lettrine.sty)             reported on input line 1722.

Underfull \hbox (badness 3780) in paragraph at lines 1722--1722
\TU/EBGaramond(0)/m/n/12 Nde nhyrõ oré angaipâba recé
 []


Overfull \hbox (2.3906pt too wide) in paragraph at lines 1730--1733
\TU/EBGaramond(0)/m/n/12 gabyâbo, imöetêëyma mã, ëí, çauçubëyma
 []


Overfull \hbox (16.97858pt too wide) in paragraph at lines 1733--1735
[]\TU/EBGaramond(0)/m/n/12 Noimöepyixôépe acé öangaipagoêra imöacy
 []


Package fancyhdr Warning: \headheight is too small (12.0pt): 
(fancyhdr)                Make it at least 14.49998pt, for example:
(fancyhdr)                \setlength{\headheight}{14.49998pt}.
(fancyhdr)                You might also make \topmargin smaller to compensate:
(fancyhdr)                \addtolength{\topmargin}{-2.49998pt}.

[59]
Overfull \hbox (3.96661pt too wide) in paragraph at lines 1745--1747
[]\TU/EBGaramond(0)/m/n/12 Oipotá catú, emonã acêrecó recé, acé rau-
 []


Overfull \hbox (9.55058pt too wide) in paragraph at lines 1747--1748
[]\TU/EBGaramond(0)/m/n/12 Marã oecó pupépe erímbäé aipó recé iandé
 []

Package lettrine.sty Info: Targeted height = 19.936pt
(lettrine.sty)             (for loversize=0, accent excluded),
(lettrine.sty)             Lettrine height = 18.84435pt (M);
(lettrine.sty)             reported on input line 1757.

Package fancyhdr Warning: \headheight is too small (12.0pt): 
(fancyhdr)                Make it at least 14.49998pt, for example:
(fancyhdr)                \setlength{\headheight}{14.49998pt}.
(fancyhdr)                You might also make \topmargin smaller to compensate:
(fancyhdr)                \addtolength{\topmargin}{-2.49998pt}.

[60]
Overfull \hbox (2.71461pt too wide) in paragraph at lines 1763--1765
[]\TU/EBGaramond(0)/m/n/12 Mbäé acy çupé, abá acé rerecómemoã çu-
 []


Overfull \hbox (3.43857pt too wide) in paragraph at lines 1771--1773
[]\TU/EBGaramond(0)/m/n/12 Oré mopyatãgatú iepé, toröâruméné nde
 []


Package fancyhdr Warning: \headheight is too small (12.0pt): 
(fancyhdr)                Make it at least 14.49998pt, for example:
(fancyhdr)                \setlength{\headheight}{14.49998pt}.
(fancyhdr)                You might also make \topmargin smaller to compensate:
(fancyhdr)                \addtolength{\topmargin}{-2.49998pt}.

[61]
Overfull \hbox (0.21057pt too wide) in paragraph at lines 1793--1795
[]\TU/EBGaramond(0)/m/n/12 Ndeitëé: Tupã opytybõneme é acé pyatã
 []

Package lettrine.sty Info: Targeted height = 19.936pt
(lettrine.sty)             (for loversize=0, accent excluded),
(lettrine.sty)             Lettrine height = 18.84435pt (M);
(lettrine.sty)             reported on input line 1800.

Overfull \hbox (3.32791pt too wide) in paragraph at lines 1813--1816
\TU/EBGaramond(0)/m/n/12 çumarã, coipó acé reté rupiâra çupé. Amẽ. 
 []


Package fancyhdr Warning: \headheight is too small (12.0pt): 
(fancyhdr)                Make it at least 14.49998pt, for example:
(fancyhdr)                \setlength{\headheight}{14.49998pt}.
(fancyhdr)                You might also make \topmargin smaller to compensate:
(fancyhdr)                \addtolength{\topmargin}{-2.49998pt}.

[62]
Overfull \hbox (0.17058pt too wide) in paragraph at lines 1820--1821
[]\TU/EBGaramond(0)/m/n/12 Marãgatúpe ace recóu Tupã ogoapiarão-
 []

Package lettrine.sty Info: Targeted height = 19.936pt
(lettrine.sty)             (for loversize=0, accent excluded),
(lettrine.sty)             Lettrine height = 18.84435pt (M);
(lettrine.sty)             reported on input line 1838.

Overfull \hbox (18.1986pt too wide) in paragraph at lines 1844--1845
[]\TU/EBGaramond(0)/m/n/12 Abápe aipó Ave María oçaánghypy erímbäé? 
 []


Package fancyhdr Warning: \headheight is too small (12.0pt): 
(fancyhdr)                Make it at least 14.49998pt, for example:
(fancyhdr)                \setlength{\headheight}{14.49998pt}.
(fancyhdr)                You might also make \topmargin smaller to compensate:
(fancyhdr)                \addtolength{\topmargin}{-2.49998pt}.

[63]
Underfull \hbox (badness 1975) in paragraph at lines 1852--1854
[]\TU/EBGaramond(0)/m/n/12 Marã oicôbope Tupã Täyra ocyramo
 []


Overfull \hbox (1.24658pt too wide) in paragraph at lines 1863--1865
\TU/EBGaramond(0)/m/n/12 ixupé, cunumĩ guaçú porangatú iabé nhé. 
 []

Package lettrine.sty Info: Targeted height = 19.936pt
(lettrine.sty)             (for loversize=0, accent excluded),
(lettrine.sty)             Lettrine height = 18.84435pt (M);
(lettrine.sty)             reported on input line 1879.

Underfull \hbox (badness 10000) in paragraph at lines 1879--1879
[]\TU/EBGaramond(0)/m/sc/12 A\TU/EBGaramond(0)/m/n/12 rã ëíbêpe Caräíbebé ixupé?
 []


Package fancyhdr Warning: \headheight is too small (12.0pt): 
(fancyhdr)                Make it at least 14.49998pt, for example:
(fancyhdr)                \setlength{\headheight}{14.49998pt}.
(fancyhdr)                You might also make \topmargin smaller to compensate:
(fancyhdr)                \addtolength{\topmargin}{-2.49998pt}.

[64]
Overfull \hbox (2.73058pt too wide) in paragraph at lines 1882--1884
\TU/EBGaramond(0)/m/n/12 remimëênga öecó potaçâba rupí acé möin-
 []


Underfull \hbox (badness 1009) in paragraph at lines 1888--1890
[]\TU/EBGaramond(0)/m/n/12 Ipyatã mbäé äíba çocé Tupã nhëênga
 []


Overfull \hbox (0.39857pt too wide) in paragraph at lines 1890--1891
[]\TU/EBGaramond(0)/m/n/12 Ybákype oçobäérâma nhõpe graça ogue-
 []


Overfull \hbox (4.59457pt too wide) in paragraph at lines 1895--1897
[]\TU/EBGaramond(0)/m/n/12 Ipoxy, imembéc, anhânga poguyribo nhé
 []


Package fancyhdr Warning: \headheight is too small (12.0pt): 
(fancyhdr)                Make it at least 14.49998pt, for example:
(fancyhdr)                \setlength{\headheight}{14.49998pt}.
(fancyhdr)                You might also make \topmargin smaller to compensate:
(fancyhdr)                \addtolength{\topmargin}{-2.49998pt}.

[65]
Package lettrine.sty Info: Targeted height = 19.936pt
(lettrine.sty)             (for loversize=0, accent excluded),
(lettrine.sty)             Lettrine height = 18.84435pt (M);
(lettrine.sty)             reported on input line 1908.

Overfull \hbox (0.99858pt too wide) in paragraph at lines 1914--1916
\TU/EBGaramond(0)/m/n/12 çauçûpa, ixupe onhëênga, ceçápe xe recóu
 []

Package lettrine.sty Info: Targeted height = 19.936pt
(lettrine.sty)             (for loversize=0, accent excluded),
(lettrine.sty)             Lettrine height = 18.84435pt (M);
(lettrine.sty)             reported on input line 1925.

Underfull \hbox (badness 10000) in paragraph at lines 1925--1925
[]\TU/EBGaramond(0)/m/sc/12 A\TU/EBGaramond(0)/m/n/12 rã ëíbêpe Caräíbebé ixupé?
 []


Underfull \hbox (badness 10000) in paragraph at lines 1925--1925
\TU/EBGaramond(0)/m/n/12 Imombëú catupyramo ereicó
 []


Package fancyhdr Warning: \headheight is too small (12.0pt): 
(fancyhdr)                Make it at least 14.49998pt, for example:
(fancyhdr)                \setlength{\headheight}{14.49998pt}.
(fancyhdr)                You might also make \topmargin smaller to compensate:
(fancyhdr)                \addtolength{\topmargin}{-2.49998pt}.

[66]
Underfull \hbox (badness 4981) in paragraph at lines 1931--1933
[]\TU/EBGaramond(0)/m/n/12 Iandé rubypy recó angaipagoéra acé
 []

Package lettrine.sty Info: Targeted height = 19.936pt
(lettrine.sty)             (for loversize=0, accent excluded),
(lettrine.sty)             Lettrine height = 18.84435pt (M);
(lettrine.sty)             reported on input line 1945.

Overfull \hbox (3.70256pt too wide) in paragraph at lines 1947--1948
[]\TU/EBGaramond(0)/m/n/12 Imembëú catúpyra abé nde membyra JE-
 []


Underfull \hbox (badness 10000) in paragraph at lines 1954--1955

 []


Package fancyhdr Warning: \headheight is too small (12.0pt): 
(fancyhdr)                Make it at least 14.49998pt, for example:
(fancyhdr)                \setlength{\headheight}{14.49998pt}.
(fancyhdr)                You might also make \topmargin smaller to compensate:
(fancyhdr)                \addtolength{\topmargin}{-2.49998pt}.

[67]
Underfull \hbox (badness 1603) in paragraph at lines 1964--1967
\TU/EBGaramond(0)/m/n/12 ragoêra, cëõ agoêra cecobe iebyagoêra,
 []

Package lettrine.sty Info: Targeted height = 19.936pt
(lettrine.sty)             (for loversize=0, accent excluded),
(lettrine.sty)             Lettrine height = 18.84435pt (M);
(lettrine.sty)             reported on input line 1972.

Package fancyhdr Warning: \headheight is too small (12.0pt): 
(fancyhdr)                Make it at least 14.49998pt, for example:
(fancyhdr)                \setlength{\headheight}{14.49998pt}.
(fancyhdr)                You might also make \topmargin smaller to compensate:
(fancyhdr)                \addtolength{\topmargin}{-2.49998pt}.

[68]
Underfull \hbox (badness 3039) in paragraph at lines 1981--1983
[]\TU/EBGaramond(0)/m/n/12 Omembyra Tupã acé angaipâba recé
 []


Overfull \hbox (2.59457pt too wide) in paragraph at lines 1981--1983
\TU/EBGaramond(0)/m/n/12 acêbe inhemoyrõb6aé oimonhyrõ, anhân-
 []


Overfull \hbox (1.13861pt too wide) in paragraph at lines 1987--1989
[]\TU/EBGaramond(0)/m/n/12 Cöyr, icó âra pupé acé recó pûkui, memé
 []


Overfull \hbox (2.46658pt too wide) in paragraph at lines 1996--1997
[]\TU/EBGaramond(0)/m/n/12 Acé cy omembypitânga rauçûba çoçé acé
 []


Overfull \hbox (1.45778pt too wide) in paragraph at lines 1998--1999
[]\TU/EBGaramond(0)/m/n/12 Imembyra iandé iâra JESUS Chriſto rëõ-
 []


Underfull \hbox (badness 2941) in paragraph at lines 2000--2000
[]\TU/EBGaramond(0)/m/n/12 Cecobérâma mëêng potá erímbäé xe
 []


Underfull \hbox (badness 10000) in paragraph at lines 2000--2000

 []


Package fancyhdr Warning: \headheight is too small (12.0pt): 
(fancyhdr)                Make it at least 14.49998pt, for example:
(fancyhdr)                \setlength{\headheight}{14.49998pt}.
(fancyhdr)                You might also make \topmargin smaller to compensate:
(fancyhdr)                \addtolength{\topmargin}{-2.49998pt}.

[69]
Overfull \hbox (8.37059pt too wide) in paragraph at lines 2009--2011
[]\TU/EBGaramond(0)/m/n/12 Oipotá catúpe Santa Marîa acé omembyra
 []


Package fancyhdr Warning: \headheight is too small (12.0pt): 
(fancyhdr)                Make it at least 14.49998pt, for example:
(fancyhdr)                \setlength{\headheight}{14.49998pt}.
(fancyhdr)                You might also make \topmargin smaller to compensate:
(fancyhdr)                \addtolength{\topmargin}{-2.49998pt}.

[70]
File: ./images/11.livro2_fim.png Graphic file (type bmp)
<./images/11.livro2_fim.png>
File: ./images/12.livro3.png Graphic file (type bmp)
<./images/12.livro3.png>


Package fancyhdr Warning: \headheight is too small (12.0pt): 
(fancyhdr)                Make it at least 14.49998pt, for example:
(fancyhdr)                \setlength{\headheight}{14.49998pt}.
(fancyhdr)                You might also make \topmargin smaller to compensate:
(fancyhdr)                \addtolength{\topmargin}{-2.49998pt}.

[71]
Cap\'{\i }tulo 6.

Overfull \hbox (7.85324pt too wide) in paragraph at lines 2065--2066
[]\TU/EBGaramond(0)/m/n/12 M. 
 []


Underfull \hbox (badness 10000) in paragraph at lines 2065--2066

 []


Underfull \hbox (badness 10000) in paragraph at lines 2065--2066

 []


Overfull \hbox (5.72923pt too wide) in paragraph at lines 2065--2066
\TU/EBGaramond(0)/m/n/12 D. 
 []


Underfull \hbox (badness 10000) in paragraph at lines 2065--2066

 []

Package lettrine.sty Info: Targeted height = 63.436pt
(lettrine.sty)             (for loversize=0, accent excluded),
(lettrine.sty)             Lettrine height = 56.23325pt (\zall {M});
(lettrine.sty)             reported on input line 2070.

Underfull \hbox (badness 2744) in paragraph at lines 2070--2074
[]\TU/EBGaramond(0)/m/sc/12 A\TU/EBGaramond(0)/m/n/12 rã oicóbo pé acé anhânga
 []


Underfull \hbox (badness 1558) in paragraph at lines 2070--2074
\TU/EBGaramond(0)/m/n/12 Tupã rerobiá, onhemonhan-
 []


Overfull \hbox (14.1698pt too wide) in paragraph at lines 2063--2075
  [] [] 
 []


Underfull \hbox (badness 10000) in paragraph at lines 2063--2075

 []


Package fancyhdr Warning: \headheight is too small (12.0pt): 
(fancyhdr)                Make it at least 14.49998pt, for example:
(fancyhdr)                \setlength{\headheight}{14.49998pt}.
(fancyhdr)                You might also make \topmargin smaller to compensate:
(fancyhdr)                \addtolength{\topmargin}{-2.49998pt}.

[72]
Underfull \hbox (badness 1460) in paragraph at lines 2094--2096
[]\TU/EBGaramond(0)/m/n/12 Oiepé Tupã memépé äé Tupã Tûba,
 []


Underfull \hbox (badness 2189) in paragraph at lines 2098--2100
\TU/EBGaramond(0)/m/n/12 cöé, Tupã Täyra oicöé, Tupã Eſpirito
 []


Underfull \hbox (badness 1755) in paragraph at lines 2100--2102
\TU/EBGaramond(0)/m/n/12 Tûba, coipó Tupã Täyra, coipó Tupã
 []


Package fancyhdr Warning: \headheight is too small (12.0pt): 
(fancyhdr)                Make it at least 14.49998pt, for example:
(fancyhdr)                \setlength{\headheight}{14.49998pt}.
(fancyhdr)                You might also make \topmargin smaller to compensate:
(fancyhdr)                \addtolength{\topmargin}{-2.49998pt}.

[73]
Underfull \hbox (badness 10000) in paragraph at lines 2105--2107
\TU/EBGaramond(0)/m/n/12 bamo onhemonhânghiré é cetéramo
 []


Underfull \hbox (badness 10000) in paragraph at lines 2129--2130
[]\TU/EBGaramond(0)/m/n/12 Cemïepiácpabénamopé mbäé tetiruã
 []


Package fancyhdr Warning: \headheight is too small (12.0pt): 
(fancyhdr)                Make it at least 14.49998pt, for example:
(fancyhdr)                \setlength{\headheight}{14.49998pt}.
(fancyhdr)                You might also make \topmargin smaller to compensate:
(fancyhdr)                \addtolength{\topmargin}{-2.49998pt}.

[74]
Package lettrine.sty Info: Targeted height = 19.936pt
(lettrine.sty)             (for loversize=0, accent excluded),
(lettrine.sty)             Lettrine height = 19.70613pt (A);
(lettrine.sty)             reported on input line 2146.


Package fancyhdr Warning: \headheight is too small (12.0pt): 
(fancyhdr)                Make it at least 14.49998pt, for example:
(fancyhdr)                \setlength{\headheight}{14.49998pt}.
(fancyhdr)                You might also make \topmargin smaller to compensate:
(fancyhdr)                \addtolength{\topmargin}{-2.49998pt}.

[75]
Overfull \hbox (5.25858pt too wide) in paragraph at lines 2164--2165
[]\TU/EBGaramond(0)/m/n/12 Onhemongaräîpa, inheenga abé mopôra. 
 []


Overfull \hbox (3.0226pt too wide) in paragraph at lines 2168--2170
[]\TU/EBGaramond(0)/m/n/12 Cetá, cëyi icüabipyreyma, Tupã imonhã-
 []


Overfull \hbox (10.17058pt too wide) in paragraph at lines 2172--2173
[]\TU/EBGaramond(0)/m/n/12 Maránamo tepé acé Caräíbebpe ïéu ixupé? 
 []


Overfull \hbox (29.97859pt too wide) in paragraph at lines 2175--2176
[]\TU/EBGaramond(0)/m/n/12 Iangaturã cycpe erímbäé Tupã imonhánghypy-
 []


Package fancyhdr Warning: \headheight is too small (12.0pt): 
(fancyhdr)                Make it at least 14.49998pt, for example:
(fancyhdr)                \setlength{\headheight}{14.49998pt}.
(fancyhdr)                You might also make \topmargin smaller to compensate:
(fancyhdr)                \addtolength{\topmargin}{-2.49998pt}.

[76]
Overfull \hbox (3.10657pt too wide) in paragraph at lines 2192--2194
\TU/EBGaramond(0)/m/n/12 icoaucaçábamo cecóu, imotecocüabëyma. 
 []


Overfull \hbox (1.84259pt too wide) in paragraph at lines 2202--2204
[]\TU/EBGaramond(0)/m/n/12 Marã iabépe Tupã aipóbäé rerecóu ixupé
 []


Underfull \hbox (badness 2856) in paragraph at lines 2204--2207
[]\TU/EBGaramond(0)/m/n/12 Anhángamonhé imondóu, aunhenhe
 []


Package fancyhdr Warning: \headheight is too small (12.0pt): 
(fancyhdr)                Make it at least 14.49998pt, for example:
(fancyhdr)                \setlength{\headheight}{14.49998pt}.
(fancyhdr)                You might also make \topmargin smaller to compensate:
(fancyhdr)                \addtolength{\topmargin}{-2.49998pt}.

[77]
Underfull \hbox (badness 1052) in paragraph at lines 2215--2217
[]\TU/EBGaramond(0)/m/n/12 Marãpe Caraíbebé Tupã recé ierobia-
 []


Overfull \hbox (1.1146pt too wide) in paragraph at lines 2226--2228
[]\TU/EBGaramond(0)/m/n/12 Anhânga acé çumarã çüí, tecó angaipâba
 []


Package fancyhdr Warning: \headheight is too small (12.0pt): 
(fancyhdr)                Make it at least 14.49998pt, for example:
(fancyhdr)                \setlength{\headheight}{14.49998pt}.
(fancyhdr)                You might also make \topmargin smaller to compensate:
(fancyhdr)                \addtolength{\topmargin}{-2.49998pt}.

[78]
Package lettrine.sty Info: Targeted height = 19.936pt
(lettrine.sty)             (for loversize=0, accent excluded),
(lettrine.sty)             Lettrine height = 19.70613pt (A);
(lettrine.sty)             reported on input line 2244.

Underfull \hbox (badness 10000) in paragraph at lines 2244--2244
[]\TU/EBGaramond(0)/m/sc/12 B\TU/EBGaramond(0)/m/n/12 ápe erímbäé Tupã oimonhán-
 []


Package fancyhdr Warning: \headheight is too small (12.0pt): 
(fancyhdr)                Make it at least 14.49998pt, for example:
(fancyhdr)                \setlength{\headheight}{14.49998pt}.
(fancyhdr)                You might also make \topmargin smaller to compensate:
(fancyhdr)                \addtolength{\topmargin}{-2.49998pt}.

[79]
Overfull \hbox (14.33458pt too wide) in paragraph at lines 2270--2272
[]\TU/EBGaramond(0)/m/n/12 Ceté auiépuêra pupé imondêbi opytú pupé
 []


Overfull \hbox (2.47057pt too wide) in paragraph at lines 2286--2288
[]\TU/EBGaramond(0)/m/n/12 Ipytybogarâma recé, iporomonhangaõâ-
 []


Package fancyhdr Warning: \headheight is too small (12.0pt): 
(fancyhdr)                Make it at least 14.49998pt, for example:
(fancyhdr)                \setlength{\headheight}{14.49998pt}.
(fancyhdr)                You might also make \topmargin smaller to compensate:
(fancyhdr)                \addtolength{\topmargin}{-2.49998pt}.

[80]
Overfull \hbox (0.39058pt too wide) in paragraph at lines 2312--2314
[]\TU/EBGaramond(0)/m/n/12 Aë goemityma äyçó pytéripebépe Tu- pã
 []


Package fancyhdr Warning: \headheight is too small (12.0pt): 
(fancyhdr)                Make it at least 14.49998pt, for example:
(fancyhdr)                \setlength{\headheight}{14.49998pt}.
(fancyhdr)                You might also make \topmargin smaller to compensate:
(fancyhdr)                \addtolength{\topmargin}{-2.49998pt}.

[81]
Package lettrine.sty Info: Targeted height = 19.936pt
(lettrine.sty)             (for loversize=0, accent excluded),
(lettrine.sty)             Lettrine height = 19.07416pt (O);
(lettrine.sty)             reported on input line 2337.


Package fancyhdr Warning: \headheight is too small (12.0pt): 
(fancyhdr)                Make it at least 14.49998pt, for example:
(fancyhdr)                \setlength{\headheight}{14.49998pt}.
(fancyhdr)                You might also make \topmargin smaller to compensate:
(fancyhdr)                \addtolength{\topmargin}{-2.49998pt}.

[82]
Overfull \hbox (0.29857pt too wide) in paragraph at lines 2371--2373
[]\TU/EBGaramond(0)/m/n/12 Ocoabetápe erímbäéceixpu ybákype abá
 []


Package fancyhdr Warning: \headheight is too small (12.0pt): 
(fancyhdr)                Make it at least 14.49998pt, for example:
(fancyhdr)                \setlength{\headheight}{14.49998pt}.
(fancyhdr)                You might also make \topmargin smaller to compensate:
(fancyhdr)                \addtolength{\topmargin}{-2.49998pt}.

[83]
Overfull \hbox (2.94789pt too wide) in paragraph at lines 2386--2389
[]\TU/EBGaramond(0)/m/n/12 Xemoioiá xenhemoyrõ,ëí. Aimocanhém
 []


Overfull \hbox (1.65862pt too wide) in paragraph at lines 2399--2401
[]\TU/EBGaramond(0)/m/n/12 Oito, Nöé inhëênha rupí tecoâra, cembi-
 []


Overfull \hbox (1.99858pt too wide) in paragraph at lines 2402--2404
[]\TU/EBGaramond(0)/m/n/12 Ybyrá caramemoã, ygaruçú nungâra ixu-
 []


Overfull \hbox (2.41058pt too wide) in paragraph at lines 2402--2404
\TU/EBGaramond(0)/m/n/12 pé goemimonhángucaroéra pupé imöaru-
 []


Overfull \hbox (2.85059pt too wide) in paragraph at lines 2408--2410
\TU/EBGaramond(0)/m/n/12 ramo, Tupã nhëênga rupí oicópotarëyma? 
 []


Package fancyhdr Warning: \headheight is too small (12.0pt): 
(fancyhdr)                Make it at least 14.49998pt, for example:
(fancyhdr)                \setlength{\headheight}{14.49998pt}.
(fancyhdr)                You might also make \topmargin smaller to compensate:
(fancyhdr)                \addtolength{\topmargin}{-2.49998pt}.

[84]
Package lettrine.sty Info: Targeted height = 19.936pt
(lettrine.sty)             (for loversize=0, accent excluded),
(lettrine.sty)             Lettrine height = 19.70613pt (A);
(lettrine.sty)             reported on input line 2427.


Package fancyhdr Warning: \headheight is too small (12.0pt): 
(fancyhdr)                Make it at least 14.49998pt, for example:
(fancyhdr)                \setlength{\headheight}{14.49998pt}.
(fancyhdr)                You might also make \topmargin smaller to compensate:
(fancyhdr)                \addtolength{\topmargin}{-2.49998pt}.

[85]
Underfull \hbox (badness 2707) in paragraph at lines 2447--2450
\TU/EBGaramond(0)/m/n/12 SUS Chriſto mbäé tetirüã cüapáramo
 []


Underfull \hbox (badness 1163) in paragraph at lines 2462--2464
[]\TU/EBGaramond(0)/m/n/12 Tëõmboêra möingobéiebyreme, mbäé
 []


Underfull \hbox (badness 10000) in paragraph at lines 2462--2464
\TU/EBGaramond(0)/m/n/12 acybôra momböerâme, mbäé tetirüã
 []


Package fancyhdr Warning: \headheight is too small (12.0pt): 
(fancyhdr)                Make it at least 14.49998pt, for example:
(fancyhdr)                \setlength{\headheight}{14.49998pt}.
(fancyhdr)                You might also make \topmargin smaller to compensate:
(fancyhdr)                \addtolength{\topmargin}{-2.49998pt}.

[86]
Package lettrine.sty Info: Targeted height = 19.936pt
(lettrine.sty)             (for loversize=0, accent excluded),
(lettrine.sty)             Lettrine height = 18.84435pt (M);
(lettrine.sty)             reported on input line 2484.

Overfull \hbox (1.45859pt too wide) in paragraph at lines 2489--2491
[]\TU/EBGaramond(0)/m/n/12 Marã ëípe acé cenõia cunumínamo inhe-
 []


Package fancyhdr Warning: \headheight is too small (12.0pt): 
(fancyhdr)                Make it at least 14.49998pt, for example:
(fancyhdr)                \setlength{\headheight}{14.49998pt}.
(fancyhdr)                You might also make \topmargin smaller to compensate:
(fancyhdr)                \addtolength{\topmargin}{-2.49998pt}.

[87]
Overfull \hbox (0.99857pt too wide) in paragraph at lines 2513--2515
[]\TU/EBGaramond(0)/m/n/12 Oangaipâba recé ogoenonhéneme, iamo
 []


Package fancyhdr Warning: \headheight is too small (12.0pt): 
(fancyhdr)                Make it at least 14.49998pt, for example:
(fancyhdr)                \setlength{\headheight}{14.49998pt}.
(fancyhdr)                You might also make \topmargin smaller to compensate:
(fancyhdr)                \addtolength{\topmargin}{-2.49998pt}.

[88]
Overfull \hbox (1.9746pt too wide) in paragraph at lines 2539--2540
[]\TU/EBGaramond(0)/m/n/12 Marã pe äé cemienocẽgoâma recóu äépe? 
 []


Overfull \hbox (3.32658pt too wide) in paragraph at lines 2549--2550
[]\TU/EBGaramond(0)/m/n/12 Itá caramemoã pupé inônghi çokendâpa. 
 []


Package fancyhdr Warning: \headheight is too small (12.0pt): 
(fancyhdr)                Make it at least 14.49998pt, for example:
(fancyhdr)                \setlength{\headheight}{14.49998pt}.
(fancyhdr)                You might also make \topmargin smaller to compensate:
(fancyhdr)                \addtolength{\topmargin}{-2.49998pt}.

[89]
Package lettrine.sty Info: Targeted height = 19.936pt
(lettrine.sty)             (for loversize=0, accent excluded),
(lettrine.sty)             Lettrine height = 19.07416pt (O);
(lettrine.sty)             reported on input line 2571.

Underfull \hbox (badness 4168) in paragraph at lines 2571--2571
[]\TU/EBGaramond(0)/m/sc/12 I\TU/EBGaramond(0)/m/n/12 cobéiebyripe iandé iâra oguerõ
 []


Package fancyhdr Warning: \headheight is too small (12.0pt): 
(fancyhdr)                Make it at least 14.49998pt, for example:
(fancyhdr)                \setlength{\headheight}{14.49998pt}.
(fancyhdr)                You might also make \topmargin smaller to compensate:
(fancyhdr)                \addtolength{\topmargin}{-2.49998pt}.

[90] (./catecismo_araujo_1696.aux)
 ***********
LaTeX2e <2023-11-01>
L3 programming layer <2023-12-11>
 ***********
 ) 
Here is how much of TeX's memory you used:
 6935 strings out of 474832
 170023 string characters out of 5752144
 1926109 words of memory out of 5000000
 28925 multiletter control sequences out of 15000+600000
 559634 words of font info for 74 fonts, out of 8000000 for 9000
 1350 hyphenation exceptions out of 8191
 79i,12n,93p,329b,428s stack positions out of 10000i,1000n,20000p,200000b,200000s

Output written on catecismo_araujo_1696.pdf (91 pages).
